<html>
<head>
<title>TestNG:  Payment Request List</title>
<link href="../testng.css" rel="stylesheet" type="text/css" />
<link href="../my-testng.css" rel="stylesheet" type="text/css" />

<style type="text/css">
.log { display: none;} 
.stack-trace { display: none;} 
</style>
<script type="text/javascript">
<!--
function flip(e) {
  current = e.style.display;
  if (current == 'block') {
    e.style.display = 'none';
    return 0;
  }
  else {
    e.style.display = 'block';
    return 1;
  }
}

function toggleBox(szDivId, elem, msg1, msg2)
{
  var res = -1;  if (document.getElementById) {
    res = flip(document.getElementById(szDivId));
  }
  else if (document.all) {
    // this is the way old msie versions work
    res = flip(document.all[szDivId]);
  }
  if(elem) {
    if(res == 0) elem.innerHTML = msg1; else elem.innerHTML = msg2;
  }

}

function toggleAllBoxes() {
  if (document.getElementsByTagName) {
    d = document.getElementsByTagName('div');
    for (i = 0; i < d.length; i++) {
      if (d[i].className == 'log') {
        flip(d[i]);
      }
    }
  }
}

// -->
</script>

</head>
<body>
<h2 align='center'>Payment Request List</h2><table border='1' align="center">
<tr>
<td>Tests passed/Failed/Skipped:</td><td>19/16/0</td>
</tr><tr>
<td>Started on:</td><td>Tue Jul 27 12:24:59 IST 2021</td>
</tr>
<tr><td>Total time:</td><td>245 seconds (245444 ms)</td>
</tr><tr>
<td>Included groups:</td><td></td>
</tr><tr>
<td>Excluded groups:</td><td></td>
</tr>
</table><p/>
<small><i>(Hover the method name to see the test class name)</i></small><p/>
<table width='100%' border='1' class='invocation-failed'>
<tr><td colspan='4' align='center'><b>FAILED TESTS</b></td></tr>
<tr><td><b>Test method</b></td>
<td width="30%"><b>Exception</b></td>
<td width="10%"><b>Time (seconds)</b></td>
<td><b>Instance</b></td>
</tr>
<tr>
<td title='com.nurseryadministrator.testscript.RequestPayment.acceptPayment()'><b>acceptPayment</b><br>Test class: com.nurseryadministrator.testscript.RequestPayment</td>
<td><div><pre>java.lang.AssertionError: lists don&apos;t have the same size expected [12] but found [0]
	at com.nurseryadministrator.testscript.RequestPayment.acceptPayment(RequestPayment.java:285)
	at java.base/java.util.ArrayList.forEach(ArrayList.java:1541)
... Removed 33 stack frames</pre></div><a href='#' onClick='toggleBox("stack-trace515161490", this, "Click to show all stack frames", "Click to hide stack frames")'>Click to show all stack frames</a>
<div class='stack-trace' id='stack-trace515161490'><pre>java.lang.AssertionError: lists don&apos;t have the same size expected [12] but found [0]
	at org.testng.Assert.fail(Assert.java:97)
	at org.testng.Assert.assertEqualsImpl(Assert.java:136)
	at org.testng.Assert.assertEquals(Assert.java:118)
	at org.testng.Assert.assertEquals(Assert.java:839)
	at org.testng.Assert.assertEquals(Assert.java:1017)
	at org.testng.Assert.assertEquals(Assert.java:993)
	at com.nurseryadministrator.testscript.RequestPayment.acceptPayment(RequestPayment.java:285)
	at java.base/jdk.internal.reflect.NativeMethodAccessorImpl.invoke0(Native Method)
	at java.base/jdk.internal.reflect.NativeMethodAccessorImpl.invoke(NativeMethodAccessorImpl.java:62)
	at java.base/jdk.internal.reflect.DelegatingMethodAccessorImpl.invoke(DelegatingMethodAccessorImpl.java:43)
	at java.base/java.lang.reflect.Method.invoke(Method.java:566)
	at org.testng.internal.MethodInvocationHelper.invokeMethod(MethodInvocationHelper.java:134)
	at org.testng.internal.TestInvoker.invokeMethod(TestInvoker.java:597)
	at org.testng.internal.TestInvoker.invokeTestMethod(TestInvoker.java:173)
	at org.testng.internal.MethodRunner.runInSequence(MethodRunner.java:46)
	at org.testng.internal.TestInvoker$MethodInvocationAgent.invoke(TestInvoker.java:816)
	at org.testng.internal.TestInvoker.invokeTestMethods(TestInvoker.java:146)
	at org.testng.internal.TestMethodWorker.invokeTestMethods(TestMethodWorker.java:146)
	at org.testng.internal.TestMethodWorker.run(TestMethodWorker.java:128)
	at java.base/java.util.ArrayList.forEach(ArrayList.java:1541)
	at org.testng.TestRunner.privateRun(TestRunner.java:766)
	at org.testng.TestRunner.run(TestRunner.java:587)
	at org.testng.SuiteRunner.runTest(SuiteRunner.java:384)
	at org.testng.SuiteRunner.runSequentially(SuiteRunner.java:378)
	at org.testng.SuiteRunner.privateRun(SuiteRunner.java:337)
	at org.testng.SuiteRunner.run(SuiteRunner.java:286)
	at org.testng.SuiteRunnerWorker.runSuite(SuiteRunnerWorker.java:53)
	at org.testng.SuiteRunnerWorker.run(SuiteRunnerWorker.java:96)
	at org.testng.TestNG.runSuitesSequentially(TestNG.java:1187)
	at org.testng.TestNG.runSuitesLocally(TestNG.java:1109)
	at org.testng.TestNG.runSuites(TestNG.java:1039)
	at org.testng.TestNG.run(TestNG.java:1007)
	at org.testng.remote.AbstractRemoteTestNG.run(AbstractRemoteTestNG.java:115)
	at org.testng.remote.RemoteTestNG.initAndRun(RemoteTestNG.java:251)
	at org.testng.remote.RemoteTestNG.main(RemoteTestNG.java:77)
</pre></div></td>
<td>33</td>
<td>com.nurseryadministrator.testscript.RequestPayment@4dbb42b7</td></tr>
<tr>
<td title='com.nurseryadministrator.testscript.RequestPayment.cancelPayment()'><b>cancelPayment</b><br>Test class: com.nurseryadministrator.testscript.RequestPayment</td>
<td><div><pre>java.lang.AssertionError: lists don&apos;t have the same size expected [10] but found [1]
	at com.nurseryadministrator.testscript.RequestPayment.cancelPayment(RequestPayment.java:408)
	at java.base/java.util.ArrayList.forEach(ArrayList.java:1541)
... Removed 33 stack frames</pre></div><a href='#' onClick='toggleBox("stack-trace1538046991", this, "Click to show all stack frames", "Click to hide stack frames")'>Click to show all stack frames</a>
<div class='stack-trace' id='stack-trace1538046991'><pre>java.lang.AssertionError: lists don&apos;t have the same size expected [10] but found [1]
	at org.testng.Assert.fail(Assert.java:97)
	at org.testng.Assert.assertEqualsImpl(Assert.java:136)
	at org.testng.Assert.assertEquals(Assert.java:118)
	at org.testng.Assert.assertEquals(Assert.java:839)
	at org.testng.Assert.assertEquals(Assert.java:1017)
	at org.testng.Assert.assertEquals(Assert.java:993)
	at com.nurseryadministrator.testscript.RequestPayment.cancelPayment(RequestPayment.java:408)
	at java.base/jdk.internal.reflect.NativeMethodAccessorImpl.invoke0(Native Method)
	at java.base/jdk.internal.reflect.NativeMethodAccessorImpl.invoke(NativeMethodAccessorImpl.java:62)
	at java.base/jdk.internal.reflect.DelegatingMethodAccessorImpl.invoke(DelegatingMethodAccessorImpl.java:43)
	at java.base/java.lang.reflect.Method.invoke(Method.java:566)
	at org.testng.internal.MethodInvocationHelper.invokeMethod(MethodInvocationHelper.java:134)
	at org.testng.internal.TestInvoker.invokeMethod(TestInvoker.java:597)
	at org.testng.internal.TestInvoker.invokeTestMethod(TestInvoker.java:173)
	at org.testng.internal.MethodRunner.runInSequence(MethodRunner.java:46)
	at org.testng.internal.TestInvoker$MethodInvocationAgent.invoke(TestInvoker.java:816)
	at org.testng.internal.TestInvoker.invokeTestMethods(TestInvoker.java:146)
	at org.testng.internal.TestMethodWorker.invokeTestMethods(TestMethodWorker.java:146)
	at org.testng.internal.TestMethodWorker.run(TestMethodWorker.java:128)
	at java.base/java.util.ArrayList.forEach(ArrayList.java:1541)
	at org.testng.TestRunner.privateRun(TestRunner.java:766)
	at org.testng.TestRunner.run(TestRunner.java:587)
	at org.testng.SuiteRunner.runTest(SuiteRunner.java:384)
	at org.testng.SuiteRunner.runSequentially(SuiteRunner.java:378)
	at org.testng.SuiteRunner.privateRun(SuiteRunner.java:337)
	at org.testng.SuiteRunner.run(SuiteRunner.java:286)
	at org.testng.SuiteRunnerWorker.runSuite(SuiteRunnerWorker.java:53)
	at org.testng.SuiteRunnerWorker.run(SuiteRunnerWorker.java:96)
	at org.testng.TestNG.runSuitesSequentially(TestNG.java:1187)
	at org.testng.TestNG.runSuitesLocally(TestNG.java:1109)
	at org.testng.TestNG.runSuites(TestNG.java:1039)
	at org.testng.TestNG.run(TestNG.java:1007)
	at org.testng.remote.AbstractRemoteTestNG.run(AbstractRemoteTestNG.java:115)
	at org.testng.remote.RemoteTestNG.initAndRun(RemoteTestNG.java:251)
	at org.testng.remote.RemoteTestNG.main(RemoteTestNG.java:77)
</pre></div></td>
<td>116</td>
<td>com.nurseryadministrator.testscript.RequestPayment@4dbb42b7</td></tr>
<tr>
<td title='com.nurseryadministrator.testscript.RequestPayment.createPaymentRequest()'><b>createPaymentRequest</b><br>Test class: com.nurseryadministrator.testscript.RequestPayment</td>
<td><div><pre>java.lang.AssertionError: lists don&apos;t have the same size expected [4] but found [0]
	at com.nurseryadministrator.testscript.RequestPayment.createPaymentRequest(RequestPayment.java:157)
	at java.base/java.util.ArrayList.forEach(ArrayList.java:1541)
... Removed 33 stack frames</pre></div><a href='#' onClick='toggleBox("stack-trace905290562", this, "Click to show all stack frames", "Click to hide stack frames")'>Click to show all stack frames</a>
<div class='stack-trace' id='stack-trace905290562'><pre>java.lang.AssertionError: lists don&apos;t have the same size expected [4] but found [0]
	at org.testng.Assert.fail(Assert.java:97)
	at org.testng.Assert.assertEqualsImpl(Assert.java:136)
	at org.testng.Assert.assertEquals(Assert.java:118)
	at org.testng.Assert.assertEquals(Assert.java:839)
	at org.testng.Assert.assertEquals(Assert.java:1017)
	at org.testng.Assert.assertEquals(Assert.java:993)
	at com.nurseryadministrator.testscript.RequestPayment.createPaymentRequest(RequestPayment.java:157)
	at java.base/jdk.internal.reflect.NativeMethodAccessorImpl.invoke0(Native Method)
	at java.base/jdk.internal.reflect.NativeMethodAccessorImpl.invoke(NativeMethodAccessorImpl.java:62)
	at java.base/jdk.internal.reflect.DelegatingMethodAccessorImpl.invoke(DelegatingMethodAccessorImpl.java:43)
	at java.base/java.lang.reflect.Method.invoke(Method.java:566)
	at org.testng.internal.MethodInvocationHelper.invokeMethod(MethodInvocationHelper.java:134)
	at org.testng.internal.TestInvoker.invokeMethod(TestInvoker.java:597)
	at org.testng.internal.TestInvoker.invokeTestMethod(TestInvoker.java:173)
	at org.testng.internal.MethodRunner.runInSequence(MethodRunner.java:46)
	at org.testng.internal.TestInvoker$MethodInvocationAgent.invoke(TestInvoker.java:816)
	at org.testng.internal.TestInvoker.invokeTestMethods(TestInvoker.java:146)
	at org.testng.internal.TestMethodWorker.invokeTestMethods(TestMethodWorker.java:146)
	at org.testng.internal.TestMethodWorker.run(TestMethodWorker.java:128)
	at java.base/java.util.ArrayList.forEach(ArrayList.java:1541)
	at org.testng.TestRunner.privateRun(TestRunner.java:766)
	at org.testng.TestRunner.run(TestRunner.java:587)
	at org.testng.SuiteRunner.runTest(SuiteRunner.java:384)
	at org.testng.SuiteRunner.runSequentially(SuiteRunner.java:378)
	at org.testng.SuiteRunner.privateRun(SuiteRunner.java:337)
	at org.testng.SuiteRunner.run(SuiteRunner.java:286)
	at org.testng.SuiteRunnerWorker.runSuite(SuiteRunnerWorker.java:53)
	at org.testng.SuiteRunnerWorker.run(SuiteRunnerWorker.java:96)
	at org.testng.TestNG.runSuitesSequentially(TestNG.java:1187)
	at org.testng.TestNG.runSuitesLocally(TestNG.java:1109)
	at org.testng.TestNG.runSuites(TestNG.java:1039)
	at org.testng.TestNG.run(TestNG.java:1007)
	at org.testng.remote.AbstractRemoteTestNG.run(AbstractRemoteTestNG.java:115)
	at org.testng.remote.RemoteTestNG.initAndRun(RemoteTestNG.java:251)
	at org.testng.remote.RemoteTestNG.main(RemoteTestNG.java:77)
</pre></div></td>
<td>35</td>
<td>com.nurseryadministrator.testscript.RequestPayment@4dbb42b7</td></tr>
<tr>
<td title='com.nurseryadministrator.testscript.PaymentRequestList.filterByDueDateAndGroup()'><b>filterByDueDateAndGroup</b><br>Test class: com.nurseryadministrator.testscript.PaymentRequestList</td>
<td><div><pre>java.lang.AssertionError: lists don&apos;t have the same size expected [4] but found [0]
	at com.nurseryadministrator.testscript.PaymentRequestList.filterByDueDateAndGroup(PaymentRequestList.java:1178)
	at java.base/java.util.ArrayList.forEach(ArrayList.java:1541)
... Removed 33 stack frames</pre></div><a href='#' onClick='toggleBox("stack-trace1234288887", this, "Click to show all stack frames", "Click to hide stack frames")'>Click to show all stack frames</a>
<div class='stack-trace' id='stack-trace1234288887'><pre>java.lang.AssertionError: lists don&apos;t have the same size expected [4] but found [0]
	at org.testng.Assert.fail(Assert.java:97)
	at org.testng.Assert.assertEqualsImpl(Assert.java:136)
	at org.testng.Assert.assertEquals(Assert.java:118)
	at org.testng.Assert.assertEquals(Assert.java:839)
	at org.testng.Assert.assertEquals(Assert.java:1017)
	at org.testng.Assert.assertEquals(Assert.java:993)
	at com.nurseryadministrator.testscript.PaymentRequestList.filterByDueDateAndGroup(PaymentRequestList.java:1178)
	at java.base/jdk.internal.reflect.NativeMethodAccessorImpl.invoke0(Native Method)
	at java.base/jdk.internal.reflect.NativeMethodAccessorImpl.invoke(NativeMethodAccessorImpl.java:62)
	at java.base/jdk.internal.reflect.DelegatingMethodAccessorImpl.invoke(DelegatingMethodAccessorImpl.java:43)
	at java.base/java.lang.reflect.Method.invoke(Method.java:566)
	at org.testng.internal.MethodInvocationHelper.invokeMethod(MethodInvocationHelper.java:134)
	at org.testng.internal.TestInvoker.invokeMethod(TestInvoker.java:597)
	at org.testng.internal.TestInvoker.invokeTestMethod(TestInvoker.java:173)
	at org.testng.internal.MethodRunner.runInSequence(MethodRunner.java:46)
	at org.testng.internal.TestInvoker$MethodInvocationAgent.invoke(TestInvoker.java:816)
	at org.testng.internal.TestInvoker.invokeTestMethods(TestInvoker.java:146)
	at org.testng.internal.TestMethodWorker.invokeTestMethods(TestMethodWorker.java:146)
	at org.testng.internal.TestMethodWorker.run(TestMethodWorker.java:128)
	at java.base/java.util.ArrayList.forEach(ArrayList.java:1541)
	at org.testng.TestRunner.privateRun(TestRunner.java:766)
	at org.testng.TestRunner.run(TestRunner.java:587)
	at org.testng.SuiteRunner.runTest(SuiteRunner.java:384)
	at org.testng.SuiteRunner.runSequentially(SuiteRunner.java:378)
	at org.testng.SuiteRunner.privateRun(SuiteRunner.java:337)
	at org.testng.SuiteRunner.run(SuiteRunner.java:286)
	at org.testng.SuiteRunnerWorker.runSuite(SuiteRunnerWorker.java:53)
	at org.testng.SuiteRunnerWorker.run(SuiteRunnerWorker.java:96)
	at org.testng.TestNG.runSuitesSequentially(TestNG.java:1187)
	at org.testng.TestNG.runSuitesLocally(TestNG.java:1109)
	at org.testng.TestNG.runSuites(TestNG.java:1039)
	at org.testng.TestNG.run(TestNG.java:1007)
	at org.testng.remote.AbstractRemoteTestNG.run(AbstractRemoteTestNG.java:115)
	at org.testng.remote.RemoteTestNG.initAndRun(RemoteTestNG.java:251)
	at org.testng.remote.RemoteTestNG.main(RemoteTestNG.java:77)
</pre></div></td>
<td>4</td>
<td>com.nurseryadministrator.testscript.PaymentRequestList@6bd61f98</td></tr>
<tr>
<td title='com.nurseryadministrator.testscript.PaymentRequestList.filterByDueDateFrom()'><b>filterByDueDateFrom</b><br>Test class: com.nurseryadministrator.testscript.PaymentRequestList</td>
<td><div><pre>java.lang.AssertionError: Lists differ at element [0]: true != false expected [true] but found [false]
	at com.nurseryadministrator.testscript.PaymentRequestList.filterByDueDateFrom(PaymentRequestList.java:384)
	at java.base/java.util.ArrayList.forEach(ArrayList.java:1541)
... Removed 31 stack frames</pre></div><a href='#' onClick='toggleBox("stack-trace1533757516", this, "Click to show all stack frames", "Click to hide stack frames")'>Click to show all stack frames</a>
<div class='stack-trace' id='stack-trace1533757516'><pre>java.lang.AssertionError: Lists differ at element [0]: true != false expected [true] but found [false]
	at org.testng.Assert.fail(Assert.java:97)
	at org.testng.Assert.assertEqualsImpl(Assert.java:136)
	at org.testng.Assert.assertEquals(Assert.java:1031)
	at org.testng.Assert.assertEquals(Assert.java:993)
	at com.nurseryadministrator.testscript.PaymentRequestList.filterByDueDateFrom(PaymentRequestList.java:384)
	at java.base/jdk.internal.reflect.NativeMethodAccessorImpl.invoke0(Native Method)
	at java.base/jdk.internal.reflect.NativeMethodAccessorImpl.invoke(NativeMethodAccessorImpl.java:62)
	at java.base/jdk.internal.reflect.DelegatingMethodAccessorImpl.invoke(DelegatingMethodAccessorImpl.java:43)
	at java.base/java.lang.reflect.Method.invoke(Method.java:566)
	at org.testng.internal.MethodInvocationHelper.invokeMethod(MethodInvocationHelper.java:134)
	at org.testng.internal.TestInvoker.invokeMethod(TestInvoker.java:597)
	at org.testng.internal.TestInvoker.invokeTestMethod(TestInvoker.java:173)
	at org.testng.internal.MethodRunner.runInSequence(MethodRunner.java:46)
	at org.testng.internal.TestInvoker$MethodInvocationAgent.invoke(TestInvoker.java:816)
	at org.testng.internal.TestInvoker.invokeTestMethods(TestInvoker.java:146)
	at org.testng.internal.TestMethodWorker.invokeTestMethods(TestMethodWorker.java:146)
	at org.testng.internal.TestMethodWorker.run(TestMethodWorker.java:128)
	at java.base/java.util.ArrayList.forEach(ArrayList.java:1541)
	at org.testng.TestRunner.privateRun(TestRunner.java:766)
	at org.testng.TestRunner.run(TestRunner.java:587)
	at org.testng.SuiteRunner.runTest(SuiteRunner.java:384)
	at org.testng.SuiteRunner.runSequentially(SuiteRunner.java:378)
	at org.testng.SuiteRunner.privateRun(SuiteRunner.java:337)
	at org.testng.SuiteRunner.run(SuiteRunner.java:286)
	at org.testng.SuiteRunnerWorker.runSuite(SuiteRunnerWorker.java:53)
	at org.testng.SuiteRunnerWorker.run(SuiteRunnerWorker.java:96)
	at org.testng.TestNG.runSuitesSequentially(TestNG.java:1187)
	at org.testng.TestNG.runSuitesLocally(TestNG.java:1109)
	at org.testng.TestNG.runSuites(TestNG.java:1039)
	at org.testng.TestNG.run(TestNG.java:1007)
	at org.testng.remote.AbstractRemoteTestNG.run(AbstractRemoteTestNG.java:115)
	at org.testng.remote.RemoteTestNG.initAndRun(RemoteTestNG.java:251)
	at org.testng.remote.RemoteTestNG.main(RemoteTestNG.java:77)
</pre></div></td>
<td>8</td>
<td>com.nurseryadministrator.testscript.PaymentRequestList@6bd61f98</td></tr>
<tr>
<td title='com.nurseryadministrator.testscript.PaymentRequestList.filterByDueDateFromAndDueDateTo()'><b>filterByDueDateFromAndDueDateTo</b><br>Test class: com.nurseryadministrator.testscript.PaymentRequestList</td>
<td><div><pre>java.lang.AssertionError: Lists differ at element [0]: true != false expected [true] but found [false]
	at com.nurseryadministrator.testscript.PaymentRequestList.filterByDueDateFromAndDueDateTo(PaymentRequestList.java:522)
	at java.base/java.util.ArrayList.forEach(ArrayList.java:1541)
... Removed 31 stack frames</pre></div><a href='#' onClick='toggleBox("stack-trace674530219", this, "Click to show all stack frames", "Click to hide stack frames")'>Click to show all stack frames</a>
<div class='stack-trace' id='stack-trace674530219'><pre>java.lang.AssertionError: Lists differ at element [0]: true != false expected [true] but found [false]
	at org.testng.Assert.fail(Assert.java:97)
	at org.testng.Assert.assertEqualsImpl(Assert.java:136)
	at org.testng.Assert.assertEquals(Assert.java:1031)
	at org.testng.Assert.assertEquals(Assert.java:993)
	at com.nurseryadministrator.testscript.PaymentRequestList.filterByDueDateFromAndDueDateTo(PaymentRequestList.java:522)
	at java.base/jdk.internal.reflect.NativeMethodAccessorImpl.invoke0(Native Method)
	at java.base/jdk.internal.reflect.NativeMethodAccessorImpl.invoke(NativeMethodAccessorImpl.java:62)
	at java.base/jdk.internal.reflect.DelegatingMethodAccessorImpl.invoke(DelegatingMethodAccessorImpl.java:43)
	at java.base/java.lang.reflect.Method.invoke(Method.java:566)
	at org.testng.internal.MethodInvocationHelper.invokeMethod(MethodInvocationHelper.java:134)
	at org.testng.internal.TestInvoker.invokeMethod(TestInvoker.java:597)
	at org.testng.internal.TestInvoker.invokeTestMethod(TestInvoker.java:173)
	at org.testng.internal.MethodRunner.runInSequence(MethodRunner.java:46)
	at org.testng.internal.TestInvoker$MethodInvocationAgent.invoke(TestInvoker.java:816)
	at org.testng.internal.TestInvoker.invokeTestMethods(TestInvoker.java:146)
	at org.testng.internal.TestMethodWorker.invokeTestMethods(TestMethodWorker.java:146)
	at org.testng.internal.TestMethodWorker.run(TestMethodWorker.java:128)
	at java.base/java.util.ArrayList.forEach(ArrayList.java:1541)
	at org.testng.TestRunner.privateRun(TestRunner.java:766)
	at org.testng.TestRunner.run(TestRunner.java:587)
	at org.testng.SuiteRunner.runTest(SuiteRunner.java:384)
	at org.testng.SuiteRunner.runSequentially(SuiteRunner.java:378)
	at org.testng.SuiteRunner.privateRun(SuiteRunner.java:337)
	at org.testng.SuiteRunner.run(SuiteRunner.java:286)
	at org.testng.SuiteRunnerWorker.runSuite(SuiteRunnerWorker.java:53)
	at org.testng.SuiteRunnerWorker.run(SuiteRunnerWorker.java:96)
	at org.testng.TestNG.runSuitesSequentially(TestNG.java:1187)
	at org.testng.TestNG.runSuitesLocally(TestNG.java:1109)
	at org.testng.TestNG.runSuites(TestNG.java:1039)
	at org.testng.TestNG.run(TestNG.java:1007)
	at org.testng.remote.AbstractRemoteTestNG.run(AbstractRemoteTestNG.java:115)
	at org.testng.remote.RemoteTestNG.initAndRun(RemoteTestNG.java:251)
	at org.testng.remote.RemoteTestNG.main(RemoteTestNG.java:77)
</pre></div></td>
<td>7</td>
<td>com.nurseryadministrator.testscript.PaymentRequestList@6bd61f98</td></tr>
<tr>
<td title='com.nurseryadministrator.testscript.PaymentRequestList.filterByDueDateTo()'><b>filterByDueDateTo</b><br>Test class: com.nurseryadministrator.testscript.PaymentRequestList</td>
<td><div><pre>java.lang.AssertionError: Lists differ at element [0]: true != false expected [true] but found [false]
	at com.nurseryadministrator.testscript.PaymentRequestList.filterByDueDateTo(PaymentRequestList.java:451)
	at java.base/java.util.ArrayList.forEach(ArrayList.java:1541)
... Removed 31 stack frames</pre></div><a href='#' onClick='toggleBox("stack-trace934744832", this, "Click to show all stack frames", "Click to hide stack frames")'>Click to show all stack frames</a>
<div class='stack-trace' id='stack-trace934744832'><pre>java.lang.AssertionError: Lists differ at element [0]: true != false expected [true] but found [false]
	at org.testng.Assert.fail(Assert.java:97)
	at org.testng.Assert.assertEqualsImpl(Assert.java:136)
	at org.testng.Assert.assertEquals(Assert.java:1031)
	at org.testng.Assert.assertEquals(Assert.java:993)
	at com.nurseryadministrator.testscript.PaymentRequestList.filterByDueDateTo(PaymentRequestList.java:451)
	at java.base/jdk.internal.reflect.NativeMethodAccessorImpl.invoke0(Native Method)
	at java.base/jdk.internal.reflect.NativeMethodAccessorImpl.invoke(NativeMethodAccessorImpl.java:62)
	at java.base/jdk.internal.reflect.DelegatingMethodAccessorImpl.invoke(DelegatingMethodAccessorImpl.java:43)
	at java.base/java.lang.reflect.Method.invoke(Method.java:566)
	at org.testng.internal.MethodInvocationHelper.invokeMethod(MethodInvocationHelper.java:134)
	at org.testng.internal.TestInvoker.invokeMethod(TestInvoker.java:597)
	at org.testng.internal.TestInvoker.invokeTestMethod(TestInvoker.java:173)
	at org.testng.internal.MethodRunner.runInSequence(MethodRunner.java:46)
	at org.testng.internal.TestInvoker$MethodInvocationAgent.invoke(TestInvoker.java:816)
	at org.testng.internal.TestInvoker.invokeTestMethods(TestInvoker.java:146)
	at org.testng.internal.TestMethodWorker.invokeTestMethods(TestMethodWorker.java:146)
	at org.testng.internal.TestMethodWorker.run(TestMethodWorker.java:128)
	at java.base/java.util.ArrayList.forEach(ArrayList.java:1541)
	at org.testng.TestRunner.privateRun(TestRunner.java:766)
	at org.testng.TestRunner.run(TestRunner.java:587)
	at org.testng.SuiteRunner.runTest(SuiteRunner.java:384)
	at org.testng.SuiteRunner.runSequentially(SuiteRunner.java:378)
	at org.testng.SuiteRunner.privateRun(SuiteRunner.java:337)
	at org.testng.SuiteRunner.run(SuiteRunner.java:286)
	at org.testng.SuiteRunnerWorker.runSuite(SuiteRunnerWorker.java:53)
	at org.testng.SuiteRunnerWorker.run(SuiteRunnerWorker.java:96)
	at org.testng.TestNG.runSuitesSequentially(TestNG.java:1187)
	at org.testng.TestNG.runSuitesLocally(TestNG.java:1109)
	at org.testng.TestNG.runSuites(TestNG.java:1039)
	at org.testng.TestNG.run(TestNG.java:1007)
	at org.testng.remote.AbstractRemoteTestNG.run(AbstractRemoteTestNG.java:115)
	at org.testng.remote.RemoteTestNG.initAndRun(RemoteTestNG.java:251)
	at org.testng.remote.RemoteTestNG.main(RemoteTestNG.java:77)
</pre></div></td>
<td>6</td>
<td>com.nurseryadministrator.testscript.PaymentRequestList@6bd61f98</td></tr>
<tr>
<td title='com.nurseryadministrator.testscript.PaymentRequestList.filterByGroupName()'><b>filterByGroupName</b><br>Test class: com.nurseryadministrator.testscript.PaymentRequestList</td>
<td><div><pre>java.lang.AssertionError: lists don&apos;t have the same size expected [4] but found [0]
	at com.nurseryadministrator.testscript.PaymentRequestList.filterByGroupName(PaymentRequestList.java:597)
	at java.base/java.util.ArrayList.forEach(ArrayList.java:1541)
... Removed 33 stack frames</pre></div><a href='#' onClick='toggleBox("stack-trace835423248", this, "Click to show all stack frames", "Click to hide stack frames")'>Click to show all stack frames</a>
<div class='stack-trace' id='stack-trace835423248'><pre>java.lang.AssertionError: lists don&apos;t have the same size expected [4] but found [0]
	at org.testng.Assert.fail(Assert.java:97)
	at org.testng.Assert.assertEqualsImpl(Assert.java:136)
	at org.testng.Assert.assertEquals(Assert.java:118)
	at org.testng.Assert.assertEquals(Assert.java:839)
	at org.testng.Assert.assertEquals(Assert.java:1017)
	at org.testng.Assert.assertEquals(Assert.java:993)
	at com.nurseryadministrator.testscript.PaymentRequestList.filterByGroupName(PaymentRequestList.java:597)
	at java.base/jdk.internal.reflect.NativeMethodAccessorImpl.invoke0(Native Method)
	at java.base/jdk.internal.reflect.NativeMethodAccessorImpl.invoke(NativeMethodAccessorImpl.java:62)
	at java.base/jdk.internal.reflect.DelegatingMethodAccessorImpl.invoke(DelegatingMethodAccessorImpl.java:43)
	at java.base/java.lang.reflect.Method.invoke(Method.java:566)
	at org.testng.internal.MethodInvocationHelper.invokeMethod(MethodInvocationHelper.java:134)
	at org.testng.internal.TestInvoker.invokeMethod(TestInvoker.java:597)
	at org.testng.internal.TestInvoker.invokeTestMethod(TestInvoker.java:173)
	at org.testng.internal.MethodRunner.runInSequence(MethodRunner.java:46)
	at org.testng.internal.TestInvoker$MethodInvocationAgent.invoke(TestInvoker.java:816)
	at org.testng.internal.TestInvoker.invokeTestMethods(TestInvoker.java:146)
	at org.testng.internal.TestMethodWorker.invokeTestMethods(TestMethodWorker.java:146)
	at org.testng.internal.TestMethodWorker.run(TestMethodWorker.java:128)
	at java.base/java.util.ArrayList.forEach(ArrayList.java:1541)
	at org.testng.TestRunner.privateRun(TestRunner.java:766)
	at org.testng.TestRunner.run(TestRunner.java:587)
	at org.testng.SuiteRunner.runTest(SuiteRunner.java:384)
	at org.testng.SuiteRunner.runSequentially(SuiteRunner.java:378)
	at org.testng.SuiteRunner.privateRun(SuiteRunner.java:337)
	at org.testng.SuiteRunner.run(SuiteRunner.java:286)
	at org.testng.SuiteRunnerWorker.runSuite(SuiteRunnerWorker.java:53)
	at org.testng.SuiteRunnerWorker.run(SuiteRunnerWorker.java:96)
	at org.testng.TestNG.runSuitesSequentially(TestNG.java:1187)
	at org.testng.TestNG.runSuitesLocally(TestNG.java:1109)
	at org.testng.TestNG.runSuites(TestNG.java:1039)
	at org.testng.TestNG.run(TestNG.java:1007)
	at org.testng.remote.AbstractRemoteTestNG.run(AbstractRemoteTestNG.java:115)
	at org.testng.remote.RemoteTestNG.initAndRun(RemoteTestNG.java:251)
	at org.testng.remote.RemoteTestNG.main(RemoteTestNG.java:77)
</pre></div></td>
<td>3</td>
<td>com.nurseryadministrator.testscript.PaymentRequestList@6bd61f98</td></tr>
<tr>
<td title='com.nurseryadministrator.testscript.PaymentRequestList.filterByPaymentNameAndFromDate()'><b>filterByPaymentNameAndFromDate</b><br>Test class: com.nurseryadministrator.testscript.PaymentRequestList</td>
<td><div><pre>java.lang.AssertionError: lists don&apos;t have the same size expected [50] but found [0]
	at com.nurseryadministrator.testscript.PaymentRequestList.filterByPaymentNameAndFromDate(PaymentRequestList.java:877)
	at java.base/java.util.ArrayList.forEach(ArrayList.java:1541)
... Removed 33 stack frames</pre></div><a href='#' onClick='toggleBox("stack-trace521705214", this, "Click to show all stack frames", "Click to hide stack frames")'>Click to show all stack frames</a>
<div class='stack-trace' id='stack-trace521705214'><pre>java.lang.AssertionError: lists don&apos;t have the same size expected [50] but found [0]
	at org.testng.Assert.fail(Assert.java:97)
	at org.testng.Assert.assertEqualsImpl(Assert.java:136)
	at org.testng.Assert.assertEquals(Assert.java:118)
	at org.testng.Assert.assertEquals(Assert.java:839)
	at org.testng.Assert.assertEquals(Assert.java:1017)
	at org.testng.Assert.assertEquals(Assert.java:993)
	at com.nurseryadministrator.testscript.PaymentRequestList.filterByPaymentNameAndFromDate(PaymentRequestList.java:877)
	at java.base/jdk.internal.reflect.NativeMethodAccessorImpl.invoke0(Native Method)
	at java.base/jdk.internal.reflect.NativeMethodAccessorImpl.invoke(NativeMethodAccessorImpl.java:62)
	at java.base/jdk.internal.reflect.DelegatingMethodAccessorImpl.invoke(DelegatingMethodAccessorImpl.java:43)
	at java.base/java.lang.reflect.Method.invoke(Method.java:566)
	at org.testng.internal.MethodInvocationHelper.invokeMethod(MethodInvocationHelper.java:134)
	at org.testng.internal.TestInvoker.invokeMethod(TestInvoker.java:597)
	at org.testng.internal.TestInvoker.invokeTestMethod(TestInvoker.java:173)
	at org.testng.internal.MethodRunner.runInSequence(MethodRunner.java:46)
	at org.testng.internal.TestInvoker$MethodInvocationAgent.invoke(TestInvoker.java:816)
	at org.testng.internal.TestInvoker.invokeTestMethods(TestInvoker.java:146)
	at org.testng.internal.TestMethodWorker.invokeTestMethods(TestMethodWorker.java:146)
	at org.testng.internal.TestMethodWorker.run(TestMethodWorker.java:128)
	at java.base/java.util.ArrayList.forEach(ArrayList.java:1541)
	at org.testng.TestRunner.privateRun(TestRunner.java:766)
	at org.testng.TestRunner.run(TestRunner.java:587)
	at org.testng.SuiteRunner.runTest(SuiteRunner.java:384)
	at org.testng.SuiteRunner.runSequentially(SuiteRunner.java:378)
	at org.testng.SuiteRunner.privateRun(SuiteRunner.java:337)
	at org.testng.SuiteRunner.run(SuiteRunner.java:286)
	at org.testng.SuiteRunnerWorker.runSuite(SuiteRunnerWorker.java:53)
	at org.testng.SuiteRunnerWorker.run(SuiteRunnerWorker.java:96)
	at org.testng.TestNG.runSuitesSequentially(TestNG.java:1187)
	at org.testng.TestNG.runSuitesLocally(TestNG.java:1109)
	at org.testng.TestNG.runSuites(TestNG.java:1039)
	at org.testng.TestNG.run(TestNG.java:1007)
	at org.testng.remote.AbstractRemoteTestNG.run(AbstractRemoteTestNG.java:115)
	at org.testng.remote.RemoteTestNG.initAndRun(RemoteTestNG.java:251)
	at org.testng.remote.RemoteTestNG.main(RemoteTestNG.java:77)
</pre></div></td>
<td>2</td>
<td>com.nurseryadministrator.testscript.PaymentRequestList@6bd61f98</td></tr>
<tr>
<td title='com.nurseryadministrator.testscript.PaymentRequestList.filterByPaymentNameAndGroup()'><b>filterByPaymentNameAndGroup</b><br>Test class: com.nurseryadministrator.testscript.PaymentRequestList</td>
<td><div><pre>java.lang.AssertionError: lists don&apos;t have the same size expected [1] but found [0]
	at com.nurseryadministrator.testscript.PaymentRequestList.filterByPaymentNameAndGroup(PaymentRequestList.java:739)
	at java.base/java.util.ArrayList.forEach(ArrayList.java:1541)
... Removed 33 stack frames</pre></div><a href='#' onClick='toggleBox("stack-trace892892170", this, "Click to show all stack frames", "Click to hide stack frames")'>Click to show all stack frames</a>
<div class='stack-trace' id='stack-trace892892170'><pre>java.lang.AssertionError: lists don&apos;t have the same size expected [1] but found [0]
	at org.testng.Assert.fail(Assert.java:97)
	at org.testng.Assert.assertEqualsImpl(Assert.java:136)
	at org.testng.Assert.assertEquals(Assert.java:118)
	at org.testng.Assert.assertEquals(Assert.java:839)
	at org.testng.Assert.assertEquals(Assert.java:1017)
	at org.testng.Assert.assertEquals(Assert.java:993)
	at com.nurseryadministrator.testscript.PaymentRequestList.filterByPaymentNameAndGroup(PaymentRequestList.java:739)
	at java.base/jdk.internal.reflect.NativeMethodAccessorImpl.invoke0(Native Method)
	at java.base/jdk.internal.reflect.NativeMethodAccessorImpl.invoke(NativeMethodAccessorImpl.java:62)
	at java.base/jdk.internal.reflect.DelegatingMethodAccessorImpl.invoke(DelegatingMethodAccessorImpl.java:43)
	at java.base/java.lang.reflect.Method.invoke(Method.java:566)
	at org.testng.internal.MethodInvocationHelper.invokeMethod(MethodInvocationHelper.java:134)
	at org.testng.internal.TestInvoker.invokeMethod(TestInvoker.java:597)
	at org.testng.internal.TestInvoker.invokeTestMethod(TestInvoker.java:173)
	at org.testng.internal.MethodRunner.runInSequence(MethodRunner.java:46)
	at org.testng.internal.TestInvoker$MethodInvocationAgent.invoke(TestInvoker.java:816)
	at org.testng.internal.TestInvoker.invokeTestMethods(TestInvoker.java:146)
	at org.testng.internal.TestMethodWorker.invokeTestMethods(TestMethodWorker.java:146)
	at org.testng.internal.TestMethodWorker.run(TestMethodWorker.java:128)
	at java.base/java.util.ArrayList.forEach(ArrayList.java:1541)
	at org.testng.TestRunner.privateRun(TestRunner.java:766)
	at org.testng.TestRunner.run(TestRunner.java:587)
	at org.testng.SuiteRunner.runTest(SuiteRunner.java:384)
	at org.testng.SuiteRunner.runSequentially(SuiteRunner.java:378)
	at org.testng.SuiteRunner.privateRun(SuiteRunner.java:337)
	at org.testng.SuiteRunner.run(SuiteRunner.java:286)
	at org.testng.SuiteRunnerWorker.runSuite(SuiteRunnerWorker.java:53)
	at org.testng.SuiteRunnerWorker.run(SuiteRunnerWorker.java:96)
	at org.testng.TestNG.runSuitesSequentially(TestNG.java:1187)
	at org.testng.TestNG.runSuitesLocally(TestNG.java:1109)
	at org.testng.TestNG.runSuites(TestNG.java:1039)
	at org.testng.TestNG.run(TestNG.java:1007)
	at org.testng.remote.AbstractRemoteTestNG.run(AbstractRemoteTestNG.java:115)
	at org.testng.remote.RemoteTestNG.initAndRun(RemoteTestNG.java:251)
	at org.testng.remote.RemoteTestNG.main(RemoteTestNG.java:77)
</pre></div></td>
<td>3</td>
<td>com.nurseryadministrator.testscript.PaymentRequestList@6bd61f98</td></tr>
<tr>
<td title='com.nurseryadministrator.testscript.PaymentRequestList.filterByPaymentNameGroupAndStudent()'><b>filterByPaymentNameGroupAndStudent</b><br>Test class: com.nurseryadministrator.testscript.PaymentRequestList</td>
<td><div><pre>java.lang.AssertionError: lists don&apos;t have the same size expected [1] but found [0]
	at com.nurseryadministrator.testscript.PaymentRequestList.filterByPaymentNameGroupAndStudent(PaymentRequestList.java:1474)
	at java.base/java.util.ArrayList.forEach(ArrayList.java:1541)
... Removed 33 stack frames</pre></div><a href='#' onClick='toggleBox("stack-trace204685609", this, "Click to show all stack frames", "Click to hide stack frames")'>Click to show all stack frames</a>
<div class='stack-trace' id='stack-trace204685609'><pre>java.lang.AssertionError: lists don&apos;t have the same size expected [1] but found [0]
	at org.testng.Assert.fail(Assert.java:97)
	at org.testng.Assert.assertEqualsImpl(Assert.java:136)
	at org.testng.Assert.assertEquals(Assert.java:118)
	at org.testng.Assert.assertEquals(Assert.java:839)
	at org.testng.Assert.assertEquals(Assert.java:1017)
	at org.testng.Assert.assertEquals(Assert.java:993)
	at com.nurseryadministrator.testscript.PaymentRequestList.filterByPaymentNameGroupAndStudent(PaymentRequestList.java:1474)
	at java.base/jdk.internal.reflect.NativeMethodAccessorImpl.invoke0(Native Method)
	at java.base/jdk.internal.reflect.NativeMethodAccessorImpl.invoke(NativeMethodAccessorImpl.java:62)
	at java.base/jdk.internal.reflect.DelegatingMethodAccessorImpl.invoke(DelegatingMethodAccessorImpl.java:43)
	at java.base/java.lang.reflect.Method.invoke(Method.java:566)
	at org.testng.internal.MethodInvocationHelper.invokeMethod(MethodInvocationHelper.java:134)
	at org.testng.internal.TestInvoker.invokeMethod(TestInvoker.java:597)
	at org.testng.internal.TestInvoker.invokeTestMethod(TestInvoker.java:173)
	at org.testng.internal.MethodRunner.runInSequence(MethodRunner.java:46)
	at org.testng.internal.TestInvoker$MethodInvocationAgent.invoke(TestInvoker.java:816)
	at org.testng.internal.TestInvoker.invokeTestMethods(TestInvoker.java:146)
	at org.testng.internal.TestMethodWorker.invokeTestMethods(TestMethodWorker.java:146)
	at org.testng.internal.TestMethodWorker.run(TestMethodWorker.java:128)
	at java.base/java.util.ArrayList.forEach(ArrayList.java:1541)
	at org.testng.TestRunner.privateRun(TestRunner.java:766)
	at org.testng.TestRunner.run(TestRunner.java:587)
	at org.testng.SuiteRunner.runTest(SuiteRunner.java:384)
	at org.testng.SuiteRunner.runSequentially(SuiteRunner.java:378)
	at org.testng.SuiteRunner.privateRun(SuiteRunner.java:337)
	at org.testng.SuiteRunner.run(SuiteRunner.java:286)
	at org.testng.SuiteRunnerWorker.runSuite(SuiteRunnerWorker.java:53)
	at org.testng.SuiteRunnerWorker.run(SuiteRunnerWorker.java:96)
	at org.testng.TestNG.runSuitesSequentially(TestNG.java:1187)
	at org.testng.TestNG.runSuitesLocally(TestNG.java:1109)
	at org.testng.TestNG.runSuites(TestNG.java:1039)
	at org.testng.TestNG.run(TestNG.java:1007)
	at org.testng.remote.AbstractRemoteTestNG.run(AbstractRemoteTestNG.java:115)
	at org.testng.remote.RemoteTestNG.initAndRun(RemoteTestNG.java:251)
	at org.testng.remote.RemoteTestNG.main(RemoteTestNG.java:77)
</pre></div></td>
<td>3</td>
<td>com.nurseryadministrator.testscript.PaymentRequestList@6bd61f98</td></tr>
<tr>
<td title='com.nurseryadministrator.testscript.PaymentRequestList.filterByPaymentNameStudentAndDate()'><b>filterByPaymentNameStudentAndDate</b><br>Test class: com.nurseryadministrator.testscript.PaymentRequestList</td>
<td><div><pre>java.lang.AssertionError: lists don&apos;t have the same size expected [35] but found [0]
	at com.nurseryadministrator.testscript.PaymentRequestList.filterByPaymentNameStudentAndDate(PaymentRequestList.java:1784)
	at java.base/java.util.ArrayList.forEach(ArrayList.java:1541)
... Removed 33 stack frames</pre></div><a href='#' onClick='toggleBox("stack-trace1598992710", this, "Click to show all stack frames", "Click to hide stack frames")'>Click to show all stack frames</a>
<div class='stack-trace' id='stack-trace1598992710'><pre>java.lang.AssertionError: lists don&apos;t have the same size expected [35] but found [0]
	at org.testng.Assert.fail(Assert.java:97)
	at org.testng.Assert.assertEqualsImpl(Assert.java:136)
	at org.testng.Assert.assertEquals(Assert.java:118)
	at org.testng.Assert.assertEquals(Assert.java:839)
	at org.testng.Assert.assertEquals(Assert.java:1017)
	at org.testng.Assert.assertEquals(Assert.java:993)
	at com.nurseryadministrator.testscript.PaymentRequestList.filterByPaymentNameStudentAndDate(PaymentRequestList.java:1784)
	at java.base/jdk.internal.reflect.NativeMethodAccessorImpl.invoke0(Native Method)
	at java.base/jdk.internal.reflect.NativeMethodAccessorImpl.invoke(NativeMethodAccessorImpl.java:62)
	at java.base/jdk.internal.reflect.DelegatingMethodAccessorImpl.invoke(DelegatingMethodAccessorImpl.java:43)
	at java.base/java.lang.reflect.Method.invoke(Method.java:566)
	at org.testng.internal.MethodInvocationHelper.invokeMethod(MethodInvocationHelper.java:134)
	at org.testng.internal.TestInvoker.invokeMethod(TestInvoker.java:597)
	at org.testng.internal.TestInvoker.invokeTestMethod(TestInvoker.java:173)
	at org.testng.internal.MethodRunner.runInSequence(MethodRunner.java:46)
	at org.testng.internal.TestInvoker$MethodInvocationAgent.invoke(TestInvoker.java:816)
	at org.testng.internal.TestInvoker.invokeTestMethods(TestInvoker.java:146)
	at org.testng.internal.TestMethodWorker.invokeTestMethods(TestMethodWorker.java:146)
	at org.testng.internal.TestMethodWorker.run(TestMethodWorker.java:128)
	at java.base/java.util.ArrayList.forEach(ArrayList.java:1541)
	at org.testng.TestRunner.privateRun(TestRunner.java:766)
	at org.testng.TestRunner.run(TestRunner.java:587)
	at org.testng.SuiteRunner.runTest(SuiteRunner.java:384)
	at org.testng.SuiteRunner.runSequentially(SuiteRunner.java:378)
	at org.testng.SuiteRunner.privateRun(SuiteRunner.java:337)
	at org.testng.SuiteRunner.run(SuiteRunner.java:286)
	at org.testng.SuiteRunnerWorker.runSuite(SuiteRunnerWorker.java:53)
	at org.testng.SuiteRunnerWorker.run(SuiteRunnerWorker.java:96)
	at org.testng.TestNG.runSuitesSequentially(TestNG.java:1187)
	at org.testng.TestNG.runSuitesLocally(TestNG.java:1109)
	at org.testng.TestNG.runSuites(TestNG.java:1039)
	at org.testng.TestNG.run(TestNG.java:1007)
	at org.testng.remote.AbstractRemoteTestNG.run(AbstractRemoteTestNG.java:115)
	at org.testng.remote.RemoteTestNG.initAndRun(RemoteTestNG.java:251)
	at org.testng.remote.RemoteTestNG.main(RemoteTestNG.java:77)
</pre></div></td>
<td>3</td>
<td>com.nurseryadministrator.testscript.PaymentRequestList@6bd61f98</td></tr>
<tr>
<td title='com.nurseryadministrator.testscript.PaymentRequestList.filterByPaymentNameStudentGroupAndDate()'><b>filterByPaymentNameStudentGroupAndDate</b><br>Test class: com.nurseryadministrator.testscript.PaymentRequestList</td>
<td><div><pre>java.lang.AssertionError: lists don&apos;t have the same size expected [1] but found [0]
	at com.nurseryadministrator.testscript.PaymentRequestList.filterByPaymentNameStudentGroupAndDate(PaymentRequestList.java:2192)
	at java.base/java.util.ArrayList.forEach(ArrayList.java:1541)
... Removed 33 stack frames</pre></div><a href='#' onClick='toggleBox("stack-trace341350645", this, "Click to show all stack frames", "Click to hide stack frames")'>Click to show all stack frames</a>
<div class='stack-trace' id='stack-trace341350645'><pre>java.lang.AssertionError: lists don&apos;t have the same size expected [1] but found [0]
	at org.testng.Assert.fail(Assert.java:97)
	at org.testng.Assert.assertEqualsImpl(Assert.java:136)
	at org.testng.Assert.assertEquals(Assert.java:118)
	at org.testng.Assert.assertEquals(Assert.java:839)
	at org.testng.Assert.assertEquals(Assert.java:1017)
	at org.testng.Assert.assertEquals(Assert.java:993)
	at com.nurseryadministrator.testscript.PaymentRequestList.filterByPaymentNameStudentGroupAndDate(PaymentRequestList.java:2192)
	at java.base/jdk.internal.reflect.NativeMethodAccessorImpl.invoke0(Native Method)
	at java.base/jdk.internal.reflect.NativeMethodAccessorImpl.invoke(NativeMethodAccessorImpl.java:62)
	at java.base/jdk.internal.reflect.DelegatingMethodAccessorImpl.invoke(DelegatingMethodAccessorImpl.java:43)
	at java.base/java.lang.reflect.Method.invoke(Method.java:566)
	at org.testng.internal.MethodInvocationHelper.invokeMethod(MethodInvocationHelper.java:134)
	at org.testng.internal.TestInvoker.invokeMethod(TestInvoker.java:597)
	at org.testng.internal.TestInvoker.invokeTestMethod(TestInvoker.java:173)
	at org.testng.internal.MethodRunner.runInSequence(MethodRunner.java:46)
	at org.testng.internal.TestInvoker$MethodInvocationAgent.invoke(TestInvoker.java:816)
	at org.testng.internal.TestInvoker.invokeTestMethods(TestInvoker.java:146)
	at org.testng.internal.TestMethodWorker.invokeTestMethods(TestMethodWorker.java:146)
	at org.testng.internal.TestMethodWorker.run(TestMethodWorker.java:128)
	at java.base/java.util.ArrayList.forEach(ArrayList.java:1541)
	at org.testng.TestRunner.privateRun(TestRunner.java:766)
	at org.testng.TestRunner.run(TestRunner.java:587)
	at org.testng.SuiteRunner.runTest(SuiteRunner.java:384)
	at org.testng.SuiteRunner.runSequentially(SuiteRunner.java:378)
	at org.testng.SuiteRunner.privateRun(SuiteRunner.java:337)
	at org.testng.SuiteRunner.run(SuiteRunner.java:286)
	at org.testng.SuiteRunnerWorker.runSuite(SuiteRunnerWorker.java:53)
	at org.testng.SuiteRunnerWorker.run(SuiteRunnerWorker.java:96)
	at org.testng.TestNG.runSuitesSequentially(TestNG.java:1187)
	at org.testng.TestNG.runSuitesLocally(TestNG.java:1109)
	at org.testng.TestNG.runSuites(TestNG.java:1039)
	at org.testng.TestNG.run(TestNG.java:1007)
	at org.testng.remote.AbstractRemoteTestNG.run(AbstractRemoteTestNG.java:115)
	at org.testng.remote.RemoteTestNG.initAndRun(RemoteTestNG.java:251)
	at org.testng.remote.RemoteTestNG.main(RemoteTestNG.java:77)
</pre></div></td>
<td>4</td>
<td>com.nurseryadministrator.testscript.PaymentRequestList@6bd61f98</td></tr>
<tr>
<td title='com.nurseryadministrator.testscript.PaymentRequestList.filterByPymentNameDueDateAndGroup()'><b>filterByPymentNameDueDateAndGroup</b><br>Test class: com.nurseryadministrator.testscript.PaymentRequestList</td>
<td><div><pre>java.lang.AssertionError: lists don&apos;t have the same size expected [4] but found [0]
	at com.nurseryadministrator.testscript.PaymentRequestList.filterByPymentNameDueDateAndGroup(PaymentRequestList.java:1635)
	at java.base/java.util.ArrayList.forEach(ArrayList.java:1541)
... Removed 33 stack frames</pre></div><a href='#' onClick='toggleBox("stack-trace136778400", this, "Click to show all stack frames", "Click to hide stack frames")'>Click to show all stack frames</a>
<div class='stack-trace' id='stack-trace136778400'><pre>java.lang.AssertionError: lists don&apos;t have the same size expected [4] but found [0]
	at org.testng.Assert.fail(Assert.java:97)
	at org.testng.Assert.assertEqualsImpl(Assert.java:136)
	at org.testng.Assert.assertEquals(Assert.java:118)
	at org.testng.Assert.assertEquals(Assert.java:839)
	at org.testng.Assert.assertEquals(Assert.java:1017)
	at org.testng.Assert.assertEquals(Assert.java:993)
	at com.nurseryadministrator.testscript.PaymentRequestList.filterByPymentNameDueDateAndGroup(PaymentRequestList.java:1635)
	at java.base/jdk.internal.reflect.NativeMethodAccessorImpl.invoke0(Native Method)
	at java.base/jdk.internal.reflect.NativeMethodAccessorImpl.invoke(NativeMethodAccessorImpl.java:62)
	at java.base/jdk.internal.reflect.DelegatingMethodAccessorImpl.invoke(DelegatingMethodAccessorImpl.java:43)
	at java.base/java.lang.reflect.Method.invoke(Method.java:566)
	at org.testng.internal.MethodInvocationHelper.invokeMethod(MethodInvocationHelper.java:134)
	at org.testng.internal.TestInvoker.invokeMethod(TestInvoker.java:597)
	at org.testng.internal.TestInvoker.invokeTestMethod(TestInvoker.java:173)
	at org.testng.internal.MethodRunner.runInSequence(MethodRunner.java:46)
	at org.testng.internal.TestInvoker$MethodInvocationAgent.invoke(TestInvoker.java:816)
	at org.testng.internal.TestInvoker.invokeTestMethods(TestInvoker.java:146)
	at org.testng.internal.TestMethodWorker.invokeTestMethods(TestMethodWorker.java:146)
	at org.testng.internal.TestMethodWorker.run(TestMethodWorker.java:128)
	at java.base/java.util.ArrayList.forEach(ArrayList.java:1541)
	at org.testng.TestRunner.privateRun(TestRunner.java:766)
	at org.testng.TestRunner.run(TestRunner.java:587)
	at org.testng.SuiteRunner.runTest(SuiteRunner.java:384)
	at org.testng.SuiteRunner.runSequentially(SuiteRunner.java:378)
	at org.testng.SuiteRunner.privateRun(SuiteRunner.java:337)
	at org.testng.SuiteRunner.run(SuiteRunner.java:286)
	at org.testng.SuiteRunnerWorker.runSuite(SuiteRunnerWorker.java:53)
	at org.testng.SuiteRunnerWorker.run(SuiteRunnerWorker.java:96)
	at org.testng.TestNG.runSuitesSequentially(TestNG.java:1187)
	at org.testng.TestNG.runSuitesLocally(TestNG.java:1109)
	at org.testng.TestNG.runSuites(TestNG.java:1039)
	at org.testng.TestNG.run(TestNG.java:1007)
	at org.testng.remote.AbstractRemoteTestNG.run(AbstractRemoteTestNG.java:115)
	at org.testng.remote.RemoteTestNG.initAndRun(RemoteTestNG.java:251)
	at org.testng.remote.RemoteTestNG.main(RemoteTestNG.java:77)
</pre></div></td>
<td>4</td>
<td>com.nurseryadministrator.testscript.PaymentRequestList@6bd61f98</td></tr>
<tr>
<td title='com.nurseryadministrator.testscript.PaymentRequestList.filterByPymentNameDueDateFromAndDueDateTo()'><b>filterByPymentNameDueDateFromAndDueDateTo</b><br>Test class: com.nurseryadministrator.testscript.PaymentRequestList</td>
<td><div><pre>java.lang.AssertionError: Lists differ at element [0]: true != false expected [true] but found [false]
	at com.nurseryadministrator.testscript.PaymentRequestList.filterByPymentNameDueDateFromAndDueDateTo(PaymentRequestList.java:1022)
	at java.base/java.util.ArrayList.forEach(ArrayList.java:1541)
... Removed 31 stack frames</pre></div><a href='#' onClick='toggleBox("stack-trace1290542824", this, "Click to show all stack frames", "Click to hide stack frames")'>Click to show all stack frames</a>
<div class='stack-trace' id='stack-trace1290542824'><pre>java.lang.AssertionError: Lists differ at element [0]: true != false expected [true] but found [false]
	at org.testng.Assert.fail(Assert.java:97)
	at org.testng.Assert.assertEqualsImpl(Assert.java:136)
	at org.testng.Assert.assertEquals(Assert.java:1031)
	at org.testng.Assert.assertEquals(Assert.java:993)
	at com.nurseryadministrator.testscript.PaymentRequestList.filterByPymentNameDueDateFromAndDueDateTo(PaymentRequestList.java:1022)
	at java.base/jdk.internal.reflect.NativeMethodAccessorImpl.invoke0(Native Method)
	at java.base/jdk.internal.reflect.NativeMethodAccessorImpl.invoke(NativeMethodAccessorImpl.java:62)
	at java.base/jdk.internal.reflect.DelegatingMethodAccessorImpl.invoke(DelegatingMethodAccessorImpl.java:43)
	at java.base/java.lang.reflect.Method.invoke(Method.java:566)
	at org.testng.internal.MethodInvocationHelper.invokeMethod(MethodInvocationHelper.java:134)
	at org.testng.internal.TestInvoker.invokeMethod(TestInvoker.java:597)
	at org.testng.internal.TestInvoker.invokeTestMethod(TestInvoker.java:173)
	at org.testng.internal.MethodRunner.runInSequence(MethodRunner.java:46)
	at org.testng.internal.TestInvoker$MethodInvocationAgent.invoke(TestInvoker.java:816)
	at org.testng.internal.TestInvoker.invokeTestMethods(TestInvoker.java:146)
	at org.testng.internal.TestMethodWorker.invokeTestMethods(TestMethodWorker.java:146)
	at org.testng.internal.TestMethodWorker.run(TestMethodWorker.java:128)
	at java.base/java.util.ArrayList.forEach(ArrayList.java:1541)
	at org.testng.TestRunner.privateRun(TestRunner.java:766)
	at org.testng.TestRunner.run(TestRunner.java:587)
	at org.testng.SuiteRunner.runTest(SuiteRunner.java:384)
	at org.testng.SuiteRunner.runSequentially(SuiteRunner.java:378)
	at org.testng.SuiteRunner.privateRun(SuiteRunner.java:337)
	at org.testng.SuiteRunner.run(SuiteRunner.java:286)
	at org.testng.SuiteRunnerWorker.runSuite(SuiteRunnerWorker.java:53)
	at org.testng.SuiteRunnerWorker.run(SuiteRunnerWorker.java:96)
	at org.testng.TestNG.runSuitesSequentially(TestNG.java:1187)
	at org.testng.TestNG.runSuitesLocally(TestNG.java:1109)
	at org.testng.TestNG.runSuites(TestNG.java:1039)
	at org.testng.TestNG.run(TestNG.java:1007)
	at org.testng.remote.AbstractRemoteTestNG.run(AbstractRemoteTestNG.java:115)
	at org.testng.remote.RemoteTestNG.initAndRun(RemoteTestNG.java:251)
	at org.testng.remote.RemoteTestNG.main(RemoteTestNG.java:77)
</pre></div></td>
<td>3</td>
<td>com.nurseryadministrator.testscript.PaymentRequestList@6bd61f98</td></tr>
<tr>
<td title='com.nurseryadministrator.testscript.PaymentRequestList.filterByStatus()'><b>filterByStatus</b><br>Test class: com.nurseryadministrator.testscript.PaymentRequestList</td>
<td><div><pre>java.lang.AssertionError: lists don&apos;t have the same size expected [4] but found [0]
	at com.nurseryadministrator.testscript.PaymentRequestList.filterByStatus(PaymentRequestList.java:120)
	at java.base/java.util.ArrayList.forEach(ArrayList.java:1541)
... Removed 33 stack frames</pre></div><a href='#' onClick='toggleBox("stack-trace1544527988", this, "Click to show all stack frames", "Click to hide stack frames")'>Click to show all stack frames</a>
<div class='stack-trace' id='stack-trace1544527988'><pre>java.lang.AssertionError: lists don&apos;t have the same size expected [4] but found [0]
	at org.testng.Assert.fail(Assert.java:97)
	at org.testng.Assert.assertEqualsImpl(Assert.java:136)
	at org.testng.Assert.assertEquals(Assert.java:118)
	at org.testng.Assert.assertEquals(Assert.java:839)
	at org.testng.Assert.assertEquals(Assert.java:1017)
	at org.testng.Assert.assertEquals(Assert.java:993)
	at com.nurseryadministrator.testscript.PaymentRequestList.filterByStatus(PaymentRequestList.java:120)
	at java.base/jdk.internal.reflect.NativeMethodAccessorImpl.invoke0(Native Method)
	at java.base/jdk.internal.reflect.NativeMethodAccessorImpl.invoke(NativeMethodAccessorImpl.java:62)
	at java.base/jdk.internal.reflect.DelegatingMethodAccessorImpl.invoke(DelegatingMethodAccessorImpl.java:43)
	at java.base/java.lang.reflect.Method.invoke(Method.java:566)
	at org.testng.internal.MethodInvocationHelper.invokeMethod(MethodInvocationHelper.java:134)
	at org.testng.internal.TestInvoker.invokeMethod(TestInvoker.java:597)
	at org.testng.internal.TestInvoker.invokeTestMethod(TestInvoker.java:173)
	at org.testng.internal.MethodRunner.runInSequence(MethodRunner.java:46)
	at org.testng.internal.TestInvoker$MethodInvocationAgent.invoke(TestInvoker.java:816)
	at org.testng.internal.TestInvoker.invokeTestMethods(TestInvoker.java:146)
	at org.testng.internal.TestMethodWorker.invokeTestMethods(TestMethodWorker.java:146)
	at org.testng.internal.TestMethodWorker.run(TestMethodWorker.java:128)
	at java.base/java.util.ArrayList.forEach(ArrayList.java:1541)
	at org.testng.TestRunner.privateRun(TestRunner.java:766)
	at org.testng.TestRunner.run(TestRunner.java:587)
	at org.testng.SuiteRunner.runTest(SuiteRunner.java:384)
	at org.testng.SuiteRunner.runSequentially(SuiteRunner.java:378)
	at org.testng.SuiteRunner.privateRun(SuiteRunner.java:337)
	at org.testng.SuiteRunner.run(SuiteRunner.java:286)
	at org.testng.SuiteRunnerWorker.runSuite(SuiteRunnerWorker.java:53)
	at org.testng.SuiteRunnerWorker.run(SuiteRunnerWorker.java:96)
	at org.testng.TestNG.runSuitesSequentially(TestNG.java:1187)
	at org.testng.TestNG.runSuitesLocally(TestNG.java:1109)
	at org.testng.TestNG.runSuites(TestNG.java:1039)
	at org.testng.TestNG.run(TestNG.java:1007)
	at org.testng.remote.AbstractRemoteTestNG.run(AbstractRemoteTestNG.java:115)
	at org.testng.remote.RemoteTestNG.initAndRun(RemoteTestNG.java:251)
	at org.testng.remote.RemoteTestNG.main(RemoteTestNG.java:77)
</pre></div></td>
<td>3</td>
<td>com.nurseryadministrator.testscript.PaymentRequestList@6bd61f98</td></tr>
<tr>
<td title='com.nurseryadministrator.testscript.PaymentRequestList.filterByStudentAndDate()'><b>filterByStudentAndDate</b><br>Test class: com.nurseryadministrator.testscript.PaymentRequestList</td>
<td><div><pre>java.lang.AssertionError: lists don&apos;t have the same size expected [50] but found [0]
	at com.nurseryadministrator.testscript.PaymentRequestList.filterByStudentAndDate(PaymentRequestList.java:1322)
	at java.base/java.util.ArrayList.forEach(ArrayList.java:1541)
... Removed 33 stack frames</pre></div><a href='#' onClick='toggleBox("stack-trace1863430679", this, "Click to show all stack frames", "Click to hide stack frames")'>Click to show all stack frames</a>
<div class='stack-trace' id='stack-trace1863430679'><pre>java.lang.AssertionError: lists don&apos;t have the same size expected [50] but found [0]
	at org.testng.Assert.fail(Assert.java:97)
	at org.testng.Assert.assertEqualsImpl(Assert.java:136)
	at org.testng.Assert.assertEquals(Assert.java:118)
	at org.testng.Assert.assertEquals(Assert.java:839)
	at org.testng.Assert.assertEquals(Assert.java:1017)
	at org.testng.Assert.assertEquals(Assert.java:993)
	at com.nurseryadministrator.testscript.PaymentRequestList.filterByStudentAndDate(PaymentRequestList.java:1322)
	at java.base/jdk.internal.reflect.NativeMethodAccessorImpl.invoke0(Native Method)
	at java.base/jdk.internal.reflect.NativeMethodAccessorImpl.invoke(NativeMethodAccessorImpl.java:62)
	at java.base/jdk.internal.reflect.DelegatingMethodAccessorImpl.invoke(DelegatingMethodAccessorImpl.java:43)
	at java.base/java.lang.reflect.Method.invoke(Method.java:566)
	at org.testng.internal.MethodInvocationHelper.invokeMethod(MethodInvocationHelper.java:134)
	at org.testng.internal.TestInvoker.invokeMethod(TestInvoker.java:597)
	at org.testng.internal.TestInvoker.invokeTestMethod(TestInvoker.java:173)
	at org.testng.internal.MethodRunner.runInSequence(MethodRunner.java:46)
	at org.testng.internal.TestInvoker$MethodInvocationAgent.invoke(TestInvoker.java:816)
	at org.testng.internal.TestInvoker.invokeTestMethods(TestInvoker.java:146)
	at org.testng.internal.TestMethodWorker.invokeTestMethods(TestMethodWorker.java:146)
	at org.testng.internal.TestMethodWorker.run(TestMethodWorker.java:128)
	at java.base/java.util.ArrayList.forEach(ArrayList.java:1541)
	at org.testng.TestRunner.privateRun(TestRunner.java:766)
	at org.testng.TestRunner.run(TestRunner.java:587)
	at org.testng.SuiteRunner.runTest(SuiteRunner.java:384)
	at org.testng.SuiteRunner.runSequentially(SuiteRunner.java:378)
	at org.testng.SuiteRunner.privateRun(SuiteRunner.java:337)
	at org.testng.SuiteRunner.run(SuiteRunner.java:286)
	at org.testng.SuiteRunnerWorker.runSuite(SuiteRunnerWorker.java:53)
	at org.testng.SuiteRunnerWorker.run(SuiteRunnerWorker.java:96)
	at org.testng.TestNG.runSuitesSequentially(TestNG.java:1187)
	at org.testng.TestNG.runSuitesLocally(TestNG.java:1109)
	at org.testng.TestNG.runSuites(TestNG.java:1039)
	at org.testng.TestNG.run(TestNG.java:1007)
	at org.testng.remote.AbstractRemoteTestNG.run(AbstractRemoteTestNG.java:115)
	at org.testng.remote.RemoteTestNG.initAndRun(RemoteTestNG.java:251)
	at org.testng.remote.RemoteTestNG.main(RemoteTestNG.java:77)
</pre></div></td>
<td>2</td>
<td>com.nurseryadministrator.testscript.PaymentRequestList@6bd61f98</td></tr>
<tr>
<td title='com.nurseryadministrator.testscript.PaymentRequestList.filterByStudentGroupAndDate()'><b>filterByStudentGroupAndDate</b><br>Test class: com.nurseryadministrator.testscript.PaymentRequestList</td>
<td><div><pre>java.lang.AssertionError: lists don&apos;t have the same size expected [2] but found [0]
	at com.nurseryadministrator.testscript.PaymentRequestList.filterByStudentGroupAndDate(PaymentRequestList.java:1944)
	at java.base/java.util.ArrayList.forEach(ArrayList.java:1541)
... Removed 33 stack frames</pre></div><a href='#' onClick='toggleBox("stack-trace1193300335", this, "Click to show all stack frames", "Click to hide stack frames")'>Click to show all stack frames</a>
<div class='stack-trace' id='stack-trace1193300335'><pre>java.lang.AssertionError: lists don&apos;t have the same size expected [2] but found [0]
	at org.testng.Assert.fail(Assert.java:97)
	at org.testng.Assert.assertEqualsImpl(Assert.java:136)
	at org.testng.Assert.assertEquals(Assert.java:118)
	at org.testng.Assert.assertEquals(Assert.java:839)
	at org.testng.Assert.assertEquals(Assert.java:1017)
	at org.testng.Assert.assertEquals(Assert.java:993)
	at com.nurseryadministrator.testscript.PaymentRequestList.filterByStudentGroupAndDate(PaymentRequestList.java:1944)
	at java.base/jdk.internal.reflect.NativeMethodAccessorImpl.invoke0(Native Method)
	at java.base/jdk.internal.reflect.NativeMethodAccessorImpl.invoke(NativeMethodAccessorImpl.java:62)
	at java.base/jdk.internal.reflect.DelegatingMethodAccessorImpl.invoke(DelegatingMethodAccessorImpl.java:43)
	at java.base/java.lang.reflect.Method.invoke(Method.java:566)
	at org.testng.internal.MethodInvocationHelper.invokeMethod(MethodInvocationHelper.java:134)
	at org.testng.internal.TestInvoker.invokeMethod(TestInvoker.java:597)
	at org.testng.internal.TestInvoker.invokeTestMethod(TestInvoker.java:173)
	at org.testng.internal.MethodRunner.runInSequence(MethodRunner.java:46)
	at org.testng.internal.TestInvoker$MethodInvocationAgent.invoke(TestInvoker.java:816)
	at org.testng.internal.TestInvoker.invokeTestMethods(TestInvoker.java:146)
	at org.testng.internal.TestMethodWorker.invokeTestMethods(TestMethodWorker.java:146)
	at org.testng.internal.TestMethodWorker.run(TestMethodWorker.java:128)
	at java.base/java.util.ArrayList.forEach(ArrayList.java:1541)
	at org.testng.TestRunner.privateRun(TestRunner.java:766)
	at org.testng.TestRunner.run(TestRunner.java:587)
	at org.testng.SuiteRunner.runTest(SuiteRunner.java:384)
	at org.testng.SuiteRunner.runSequentially(SuiteRunner.java:378)
	at org.testng.SuiteRunner.privateRun(SuiteRunner.java:337)
	at org.testng.SuiteRunner.run(SuiteRunner.java:286)
	at org.testng.SuiteRunnerWorker.runSuite(SuiteRunnerWorker.java:53)
	at org.testng.SuiteRunnerWorker.run(SuiteRunnerWorker.java:96)
	at org.testng.TestNG.runSuitesSequentially(TestNG.java:1187)
	at org.testng.TestNG.runSuitesLocally(TestNG.java:1109)
	at org.testng.TestNG.runSuites(TestNG.java:1039)
	at org.testng.TestNG.run(TestNG.java:1007)
	at org.testng.remote.AbstractRemoteTestNG.run(AbstractRemoteTestNG.java:115)
	at org.testng.remote.RemoteTestNG.initAndRun(RemoteTestNG.java:251)
	at org.testng.remote.RemoteTestNG.main(RemoteTestNG.java:77)
</pre></div></td>
<td>4</td>
<td>com.nurseryadministrator.testscript.PaymentRequestList@6bd61f98</td></tr>
<tr>
<td title='com.nurseryadministrator.testscript.PaymentRequestList.filterByStudentName()'><b>filterByStudentName</b><br>Test class: com.nurseryadministrator.testscript.PaymentRequestList</td>
<td><div><pre>java.lang.AssertionError: lists don&apos;t have the same size expected [50] but found [0]
	at com.nurseryadministrator.testscript.PaymentRequestList.filterByStudentName(PaymentRequestList.java:250)
	at java.base/java.util.ArrayList.forEach(ArrayList.java:1541)
... Removed 33 stack frames</pre></div><a href='#' onClick='toggleBox("stack-trace204559688", this, "Click to show all stack frames", "Click to hide stack frames")'>Click to show all stack frames</a>
<div class='stack-trace' id='stack-trace204559688'><pre>java.lang.AssertionError: lists don&apos;t have the same size expected [50] but found [0]
	at org.testng.Assert.fail(Assert.java:97)
	at org.testng.Assert.assertEqualsImpl(Assert.java:136)
	at org.testng.Assert.assertEquals(Assert.java:118)
	at org.testng.Assert.assertEquals(Assert.java:839)
	at org.testng.Assert.assertEquals(Assert.java:1017)
	at org.testng.Assert.assertEquals(Assert.java:993)
	at com.nurseryadministrator.testscript.PaymentRequestList.filterByStudentName(PaymentRequestList.java:250)
	at java.base/jdk.internal.reflect.NativeMethodAccessorImpl.invoke0(Native Method)
	at java.base/jdk.internal.reflect.NativeMethodAccessorImpl.invoke(NativeMethodAccessorImpl.java:62)
	at java.base/jdk.internal.reflect.DelegatingMethodAccessorImpl.invoke(DelegatingMethodAccessorImpl.java:43)
	at java.base/java.lang.reflect.Method.invoke(Method.java:566)
	at org.testng.internal.MethodInvocationHelper.invokeMethod(MethodInvocationHelper.java:134)
	at org.testng.internal.TestInvoker.invokeMethod(TestInvoker.java:597)
	at org.testng.internal.TestInvoker.invokeTestMethod(TestInvoker.java:173)
	at org.testng.internal.MethodRunner.runInSequence(MethodRunner.java:46)
	at org.testng.internal.TestInvoker$MethodInvocationAgent.invoke(TestInvoker.java:816)
	at org.testng.internal.TestInvoker.invokeTestMethods(TestInvoker.java:146)
	at org.testng.internal.TestMethodWorker.invokeTestMethods(TestMethodWorker.java:146)
	at org.testng.internal.TestMethodWorker.run(TestMethodWorker.java:128)
	at java.base/java.util.ArrayList.forEach(ArrayList.java:1541)
	at org.testng.TestRunner.privateRun(TestRunner.java:766)
	at org.testng.TestRunner.run(TestRunner.java:587)
	at org.testng.SuiteRunner.runTest(SuiteRunner.java:384)
	at org.testng.SuiteRunner.runSequentially(SuiteRunner.java:378)
	at org.testng.SuiteRunner.privateRun(SuiteRunner.java:337)
	at org.testng.SuiteRunner.run(SuiteRunner.java:286)
	at org.testng.SuiteRunnerWorker.runSuite(SuiteRunnerWorker.java:53)
	at org.testng.SuiteRunnerWorker.run(SuiteRunnerWorker.java:96)
	at org.testng.TestNG.runSuitesSequentially(TestNG.java:1187)
	at org.testng.TestNG.runSuitesLocally(TestNG.java:1109)
	at org.testng.TestNG.runSuites(TestNG.java:1039)
	at org.testng.TestNG.run(TestNG.java:1007)
	at org.testng.remote.AbstractRemoteTestNG.run(AbstractRemoteTestNG.java:115)
	at org.testng.remote.RemoteTestNG.initAndRun(RemoteTestNG.java:251)
	at org.testng.remote.RemoteTestNG.main(RemoteTestNG.java:77)
</pre></div></td>
<td>2</td>
<td>com.nurseryadministrator.testscript.PaymentRequestList@6bd61f98</td></tr>
<tr>
<td title='com.nurseryadministrator.testscript.RequestPayment.verifyPaymentActions()'><b>verifyPaymentActions</b><br>Test class: com.nurseryadministrator.testscript.RequestPayment</td>
<td><div><pre>java.lang.AssertionError: lists don&apos;t have the same size expected [10] but found [0]
	at com.nurseryadministrator.testscript.RequestPayment.verifyPaymentActions(RequestPayment.java:472)
	at java.base/java.util.ArrayList.forEach(ArrayList.java:1541)
... Removed 33 stack frames</pre></div><a href='#' onClick='toggleBox("stack-trace1890196950", this, "Click to show all stack frames", "Click to hide stack frames")'>Click to show all stack frames</a>
<div class='stack-trace' id='stack-trace1890196950'><pre>java.lang.AssertionError: lists don&apos;t have the same size expected [10] but found [0]
	at org.testng.Assert.fail(Assert.java:97)
	at org.testng.Assert.assertEqualsImpl(Assert.java:136)
	at org.testng.Assert.assertEquals(Assert.java:118)
	at org.testng.Assert.assertEquals(Assert.java:839)
	at org.testng.Assert.assertEquals(Assert.java:1017)
	at org.testng.Assert.assertEquals(Assert.java:993)
	at com.nurseryadministrator.testscript.RequestPayment.verifyPaymentActions(RequestPayment.java:472)
	at java.base/jdk.internal.reflect.NativeMethodAccessorImpl.invoke0(Native Method)
	at java.base/jdk.internal.reflect.NativeMethodAccessorImpl.invoke(NativeMethodAccessorImpl.java:62)
	at java.base/jdk.internal.reflect.DelegatingMethodAccessorImpl.invoke(DelegatingMethodAccessorImpl.java:43)
	at java.base/java.lang.reflect.Method.invoke(Method.java:566)
	at org.testng.internal.MethodInvocationHelper.invokeMethod(MethodInvocationHelper.java:134)
	at org.testng.internal.TestInvoker.invokeMethod(TestInvoker.java:597)
	at org.testng.internal.TestInvoker.invokeTestMethod(TestInvoker.java:173)
	at org.testng.internal.MethodRunner.runInSequence(MethodRunner.java:46)
	at org.testng.internal.TestInvoker$MethodInvocationAgent.invoke(TestInvoker.java:816)
	at org.testng.internal.TestInvoker.invokeTestMethods(TestInvoker.java:146)
	at org.testng.internal.TestMethodWorker.invokeTestMethods(TestMethodWorker.java:146)
	at org.testng.internal.TestMethodWorker.run(TestMethodWorker.java:128)
	at java.base/java.util.ArrayList.forEach(ArrayList.java:1541)
	at org.testng.TestRunner.privateRun(TestRunner.java:766)
	at org.testng.TestRunner.run(TestRunner.java:587)
	at org.testng.SuiteRunner.runTest(SuiteRunner.java:384)
	at org.testng.SuiteRunner.runSequentially(SuiteRunner.java:378)
	at org.testng.SuiteRunner.privateRun(SuiteRunner.java:337)
	at org.testng.SuiteRunner.run(SuiteRunner.java:286)
	at org.testng.SuiteRunnerWorker.runSuite(SuiteRunnerWorker.java:53)
	at org.testng.SuiteRunnerWorker.run(SuiteRunnerWorker.java:96)
	at org.testng.TestNG.runSuitesSequentially(TestNG.java:1187)
	at org.testng.TestNG.runSuitesLocally(TestNG.java:1109)
	at org.testng.TestNG.runSuites(TestNG.java:1039)
	at org.testng.TestNG.run(TestNG.java:1007)
	at org.testng.remote.AbstractRemoteTestNG.run(AbstractRemoteTestNG.java:115)
	at org.testng.remote.RemoteTestNG.initAndRun(RemoteTestNG.java:251)
	at org.testng.remote.RemoteTestNG.main(RemoteTestNG.java:77)
</pre></div></td>
<td>0</td>
<td>com.nurseryadministrator.testscript.RequestPayment@4dbb42b7</td></tr>
</table><p>
<table width='100%' border='1' class='invocation-passed'>
<tr><td colspan='4' align='center'><b>PASSED TESTS</b></td></tr>
<tr><td><b>Test method</b></td>
<td width="30%"><b>Exception</b></td>
<td width="10%"><b>Time (seconds)</b></td>
<td><b>Instance</b></td>
</tr>
<tr>
<td title='com.nurseryadministrator.testscript.AssistantList.activateAssistant()'><b>activateAssistant</b><br>Test class: com.nurseryadministrator.testscript.AssistantList</td>
<td></td>
<td>6</td>
<td>com.nurseryadministrator.testscript.AssistantList@17497425</td></tr>
<tr>
<td title='com.nurseryadministrator.testscript.GroupList.activateGroup()'><b>activateGroup</b><br>Test class: com.nurseryadministrator.testscript.GroupList</td>
<td></td>
<td>6</td>
<td>com.nurseryadministrator.testscript.GroupList@4efc180e</td></tr>
<tr>
<td title='com.nurseryadministrator.testscript.NurseList.activateNurse()'><b>activateNurse</b><br>Test class: com.nurseryadministrator.testscript.NurseList</td>
<td></td>
<td>6</td>
<td>com.nurseryadministrator.testscript.NurseList@7c711375</td></tr>
<tr>
<td title='com.nurseryadministrator.testscript.StudentList.activateStudent()'><b>activateStudent</b><br>Test class: com.nurseryadministrator.testscript.StudentList</td>
<td></td>
<td>6</td>
<td>com.nurseryadministrator.testscript.StudentList@611889f4</td></tr>
<tr>
<td title='com.nurseryadministrator.testscript.TeacherList.activateTeacher()'><b>activateTeacher</b><br>Test class: com.nurseryadministrator.testscript.TeacherList</td>
<td></td>
<td>6</td>
<td>com.nurseryadministrator.testscript.TeacherList@e15b7e8</td></tr>
<tr>
<td title='com.nurseryadministrator.testscript.AddGroup.addBabiesGroup()'><b>addBabiesGroup</b><br>Test class: com.nurseryadministrator.testscript.AddGroup</td>
<td></td>
<td>5</td>
<td>com.nurseryadministrator.testscript.AddGroup@32b260fa</td></tr>
<tr>
<td title='com.nurseryadministrator.testscript.AddEmployee.addEmployeeAsAssistant()'><b>addEmployeeAsAssistant</b><br>Test class: com.nurseryadministrator.testscript.AddEmployee</td>
<td></td>
<td>1</td>
<td>com.nurseryadministrator.testscript.AddEmployee@58695725</td></tr>
<tr>
<td title='com.nurseryadministrator.testscript.AddEmployee.addEmployeeAsAssistantAndNurse()'><b>addEmployeeAsAssistantAndNurse</b><br>Test class: com.nurseryadministrator.testscript.AddEmployee</td>
<td></td>
<td>1</td>
<td>com.nurseryadministrator.testscript.AddEmployee@58695725</td></tr>
<tr>
<td title='com.nurseryadministrator.testscript.AddEmployee.addEmployeeAsNurse()'><b>addEmployeeAsNurse</b><br>Test class: com.nurseryadministrator.testscript.AddEmployee</td>
<td></td>
<td>1</td>
<td>com.nurseryadministrator.testscript.AddEmployee@58695725</td></tr>
<tr>
<td title='com.nurseryadministrator.testscript.AddEmployee.addEmployeeAsTeacher()'><b>addEmployeeAsTeacher</b><br>Test class: com.nurseryadministrator.testscript.AddEmployee</td>
<td></td>
<td>2</td>
<td>com.nurseryadministrator.testscript.AddEmployee@58695725</td></tr>
<tr>
<td title='com.nurseryadministrator.testscript.AddEmployee.addEmployeeAsTeacherAndAssistant()'><b>addEmployeeAsTeacherAndAssistant</b><br>Test class: com.nurseryadministrator.testscript.AddEmployee</td>
<td></td>
<td>2</td>
<td>com.nurseryadministrator.testscript.AddEmployee@58695725</td></tr>
<tr>
<td title='com.nurseryadministrator.testscript.AddEmployee.addEmployeeAsTeacherAndNurse()'><b>addEmployeeAsTeacherAndNurse</b><br>Test class: com.nurseryadministrator.testscript.AddEmployee</td>
<td></td>
<td>2</td>
<td>com.nurseryadministrator.testscript.AddEmployee@58695725</td></tr>
<tr>
<td title='com.nurseryadministrator.testscript.AddEmployee.addEmployeeWithAllRoles()'><b>addEmployeeWithAllRoles</b><br>Test class: com.nurseryadministrator.testscript.AddEmployee</td>
<td></td>
<td>3</td>
<td>com.nurseryadministrator.testscript.AddEmployee@58695725</td></tr>
<tr>
<td title='com.nurseryadministrator.testscript.AddGroup.addPreKGGroup()'><b>addPreKGGroup</b><br>Test class: com.nurseryadministrator.testscript.AddGroup</td>
<td></td>
<td>5</td>
<td>com.nurseryadministrator.testscript.AddGroup@32b260fa</td></tr>
<tr>
<td title='com.nurseryadministrator.testscript.AddStudent.addStudent()'><b>addStudent</b><br>Test class: com.nurseryadministrator.testscript.AddStudent</td>
<td></td>
<td>20</td>
<td>com.nurseryadministrator.testscript.AddStudent@28f2a10f</td></tr>
<tr>
<td title='com.nurseryadministrator.testscript.AddGroup.addToddlersGroup()'><b>addToddlersGroup</b><br>Test class: com.nurseryadministrator.testscript.AddGroup</td>
<td></td>
<td>6</td>
<td>com.nurseryadministrator.testscript.AddGroup@32b260fa</td></tr>
<tr>
<td title='com.nurseryadministrator.testscript.AddGroup.assignStudentsAndEmployees()'><b>assignStudentsAndEmployees</b><br>Test class: com.nurseryadministrator.testscript.AddGroup</td>
<td></td>
<td>16</td>
<td>com.nurseryadministrator.testscript.AddGroup@383bfa16</td></tr>
<tr>
<td title='com.nurseryadministrator.testscript.AssistantList.deactivateAssistant()'><b>deactivateAssistant</b><br>Test class: com.nurseryadministrator.testscript.AssistantList</td>
<td></td>
<td>5</td>
<td>com.nurseryadministrator.testscript.AssistantList@17497425</td></tr>
<tr>
<td title='com.nurseryadministrator.testscript.GroupList.deactivateGroup()'><b>deactivateGroup</b><br>Test class: com.nurseryadministrator.testscript.GroupList</td>
<td></td>
<td>5</td>
<td>com.nurseryadministrator.testscript.GroupList@4efc180e</td></tr>
<tr>
<td title='com.nurseryadministrator.testscript.NurseList.deactivateNurse()'><b>deactivateNurse</b><br>Test class: com.nurseryadministrator.testscript.NurseList</td>
<td></td>
<td>6</td>
<td>com.nurseryadministrator.testscript.NurseList@7c711375</td></tr>
<tr>
<td title='com.nurseryadministrator.testscript.StudentList.deactivateStudent()'><b>deactivateStudent</b><br>Test class: com.nurseryadministrator.testscript.StudentList</td>
<td></td>
<td>6</td>
<td>com.nurseryadministrator.testscript.StudentList@611889f4</td></tr>
<tr>
<td title='com.nurseryadministrator.testscript.TeacherList.deactivateTeacher()'><b>deactivateTeacher</b><br>Test class: com.nurseryadministrator.testscript.TeacherList</td>
<td></td>
<td>5</td>
<td>com.nurseryadministrator.testscript.TeacherList@e15b7e8</td></tr>
<tr>
<td title='com.nurseryadministrator.testscript.AssistantList.editAndViewAssistantDetails()'><b>editAndViewAssistantDetails</b><br>Test class: com.nurseryadministrator.testscript.AssistantList</td>
<td></td>
<td>10</td>
<td>com.nurseryadministrator.testscript.AssistantList@17497425</td></tr>
<tr>
<td title='com.nurseryadministrator.testscript.GroupList.editAndViewGroupDetails()'><b>editAndViewGroupDetails</b><br>Test class: com.nurseryadministrator.testscript.GroupList</td>
<td></td>
<td>9</td>
<td>com.nurseryadministrator.testscript.GroupList@4efc180e</td></tr>
<tr>
<td title='com.nurseryadministrator.testscript.NurseList.editAndViewNurseDetails()'><b>editAndViewNurseDetails</b><br>Test class: com.nurseryadministrator.testscript.NurseList</td>
<td></td>
<td>10</td>
<td>com.nurseryadministrator.testscript.NurseList@7c711375</td></tr>
<tr>
<td title='com.nurseryadministrator.testscript.StudentList.editAndViewStudentDetails()'><b>editAndViewStudentDetails</b><br>Test class: com.nurseryadministrator.testscript.StudentList</td>
<td></td>
<td>8</td>
<td>com.nurseryadministrator.testscript.StudentList@611889f4</td></tr>
<tr>
<td title='com.nurseryadministrator.testscript.TeacherList.editAndViewTeacherDetails()'><b>editAndViewTeacherDetails</b><br>Test class: com.nurseryadministrator.testscript.TeacherList</td>
<td></td>
<td>11</td>
<td>com.nurseryadministrator.testscript.TeacherList@e15b7e8</td></tr>
<tr>
<td title='com.nurseryadministrator.testscript.PaymentRequestList.filterByGroupAndStatus()'><b>filterByGroupAndStatus</b><br>Test class: com.nurseryadministrator.testscript.PaymentRequestList</td>
<td></td>
<td>4</td>
<td>com.nurseryadministrator.testscript.PaymentRequestList@6bd61f98</td></tr>
<tr>
<td title='com.nurseryadministrator.testscript.TeacherList.filterByGroupName()'><b>filterByGroupName</b><br>Test class: com.nurseryadministrator.testscript.TeacherList</td>
<td></td>
<td>4</td>
<td>com.nurseryadministrator.testscript.TeacherList@e15b7e8</td></tr>
<tr>
<td title='com.nurseryadministrator.testscript.AssistantList.filterByGroupName()'><b>filterByGroupName</b><br>Test class: com.nurseryadministrator.testscript.AssistantList</td>
<td></td>
<td>3</td>
<td>com.nurseryadministrator.testscript.AssistantList@17497425</td></tr>
<tr>
<td title='com.nurseryadministrator.testscript.PaymentRequestList.filterByGroupStatusAndDate()'><b>filterByGroupStatusAndDate</b><br>Test class: com.nurseryadministrator.testscript.PaymentRequestList</td>
<td></td>
<td>0</td>
<td>com.nurseryadministrator.testscript.PaymentRequestList@6bd61f98</td></tr>
<tr>
<td title='com.nurseryadministrator.testscript.TeacherList.filterByName()'><b>filterByName</b><br>Test class: com.nurseryadministrator.testscript.TeacherList</td>
<td></td>
<td>4</td>
<td>com.nurseryadministrator.testscript.TeacherList@e15b7e8</td></tr>
<tr>
<td title='com.nurseryadministrator.testscript.NurseList.filterByName()'><b>filterByName</b><br>Test class: com.nurseryadministrator.testscript.NurseList</td>
<td></td>
<td>4</td>
<td>com.nurseryadministrator.testscript.NurseList@7c711375</td></tr>
<tr>
<td title='com.nurseryadministrator.testscript.AssistantList.filterByName()'><b>filterByName</b><br>Test class: com.nurseryadministrator.testscript.AssistantList</td>
<td></td>
<td>4</td>
<td>com.nurseryadministrator.testscript.AssistantList@17497425</td></tr>
<tr>
<td title='com.nurseryadministrator.testscript.TeacherList.filterByNameAndGroupName()'><b>filterByNameAndGroupName</b><br>Test class: com.nurseryadministrator.testscript.TeacherList</td>
<td></td>
<td>3</td>
<td>com.nurseryadministrator.testscript.TeacherList@e15b7e8</td></tr>
<tr>
<td title='com.nurseryadministrator.testscript.AssistantList.filterByNameAndGroupName()'><b>filterByNameAndGroupName</b><br>Test class: com.nurseryadministrator.testscript.AssistantList</td>
<td></td>
<td>2</td>
<td>com.nurseryadministrator.testscript.AssistantList@17497425</td></tr>
<tr>
<td title='com.nurseryadministrator.testscript.PaymentRequestList.filterByPaymentName()'><b>filterByPaymentName</b><br>Test class: com.nurseryadministrator.testscript.PaymentRequestList</td>
<td></td>
<td>0</td>
<td>com.nurseryadministrator.testscript.PaymentRequestList@6bd61f98</td></tr>
<tr>
<td title='com.nurseryadministrator.testscript.PaymentRequestList.filterByPaymentNameAndStatus()'><b>filterByPaymentNameAndStatus</b><br>Test class: com.nurseryadministrator.testscript.PaymentRequestList</td>
<td></td>
<td>0</td>
<td>com.nurseryadministrator.testscript.PaymentRequestList@6bd61f98</td></tr>
<tr>
<td title='com.nurseryadministrator.testscript.PaymentRequestList.filterByPaymentNameAndStudentName()'><b>filterByPaymentNameAndStudentName</b><br>Test class: com.nurseryadministrator.testscript.PaymentRequestList</td>
<td></td>
<td>0</td>
<td>com.nurseryadministrator.testscript.PaymentRequestList@6bd61f98</td></tr>
<tr>
<td title='com.nurseryadministrator.testscript.PaymentRequestList.filterByPaymentNameAndToDate()'><b>filterByPaymentNameAndToDate</b><br>Test class: com.nurseryadministrator.testscript.PaymentRequestList</td>
<td></td>
<td>0</td>
<td>com.nurseryadministrator.testscript.PaymentRequestList@6bd61f98</td></tr>
<tr>
<td title='com.nurseryadministrator.testscript.PaymentRequestList.filterByPaymentNameGroupAndStatus()'><b>filterByPaymentNameGroupAndStatus</b><br>Test class: com.nurseryadministrator.testscript.PaymentRequestList</td>
<td></td>
<td>0</td>
<td>com.nurseryadministrator.testscript.PaymentRequestList@6bd61f98</td></tr>
<tr>
<td title='com.nurseryadministrator.testscript.PaymentRequestList.filterByPaymentNameStudentAndStatus()'><b>filterByPaymentNameStudentAndStatus</b><br>Test class: com.nurseryadministrator.testscript.PaymentRequestList</td>
<td></td>
<td>0</td>
<td>com.nurseryadministrator.testscript.PaymentRequestList@6bd61f98</td></tr>
<tr>
<td title='com.nurseryadministrator.testscript.PaymentRequestList.filterByPaymentNameStudentGroupAndStatus()'><b>filterByPaymentNameStudentGroupAndStatus</b><br>Test class: com.nurseryadministrator.testscript.PaymentRequestList</td>
<td></td>
<td>4</td>
<td>com.nurseryadministrator.testscript.PaymentRequestList@6bd61f98</td></tr>
<tr>
<td title='com.nurseryadministrator.testscript.PaymentRequestList.filterByPaymentNameStudentGroupStatusAndDate()'><b>filterByPaymentNameStudentGroupStatusAndDate</b><br>Test class: com.nurseryadministrator.testscript.PaymentRequestList</td>
<td></td>
<td>4</td>
<td>com.nurseryadministrator.testscript.PaymentRequestList@6bd61f98</td></tr>
<tr>
<td title='com.nurseryadministrator.testscript.PaymentRequestList.filterBySameDate()'><b>filterBySameDate</b><br>Test class: com.nurseryadministrator.testscript.PaymentRequestList</td>
<td></td>
<td>0</td>
<td>com.nurseryadministrator.testscript.PaymentRequestList@6bd61f98</td></tr>
<tr>
<td title='com.nurseryadministrator.testscript.PaymentRequestList.filterByStatusAndDate()'><b>filterByStatusAndDate</b><br>Test class: com.nurseryadministrator.testscript.PaymentRequestList</td>
<td></td>
<td>0</td>
<td>com.nurseryadministrator.testscript.PaymentRequestList@6bd61f98</td></tr>
<tr>
<td title='com.nurseryadministrator.testscript.PaymentRequestList.filterByStudentAndStatus()'><b>filterByStudentAndStatus</b><br>Test class: com.nurseryadministrator.testscript.PaymentRequestList</td>
<td></td>
<td>0</td>
<td>com.nurseryadministrator.testscript.PaymentRequestList@6bd61f98</td></tr>
<tr>
<td title='com.nurseryadministrator.testscript.PaymentRequestList.filterByStudentGroupAndStatus()'><b>filterByStudentGroupAndStatus</b><br>Test class: com.nurseryadministrator.testscript.PaymentRequestList</td>
<td></td>
<td>0</td>
<td>com.nurseryadministrator.testscript.PaymentRequestList@6bd61f98</td></tr>
<tr>
<td title='com.nurseryadministrator.testscript.PaymentRequestList.filterByStudentGroupStatusAndDate()'><b>filterByStudentGroupStatusAndDate</b><br>Test class: com.nurseryadministrator.testscript.PaymentRequestList</td>
<td></td>
<td>0</td>
<td>com.nurseryadministrator.testscript.PaymentRequestList@6bd61f98</td></tr>
<tr>
<td title='com.nurseryadministrator.testscript.LogIn.invalidCredentials()'><b>invalidCredentials</b><br>Test class: com.nurseryadministrator.testscript.LogIn</td>
<td></td>
<td>3</td>
<td>com.nurseryadministrator.testscript.LogIn@b62d79</td></tr>
<tr>
<td title='com.nurseryadministrator.testscript.LogIn.invalidEmail()'><b>invalidEmail</b><br>Test class: com.nurseryadministrator.testscript.LogIn</td>
<td></td>
<td>2</td>
<td>com.nurseryadministrator.testscript.LogIn@b62d79</td></tr>
<tr>
<td title='com.nurseryadministrator.testscript.GroupList.listAndViewGroupDetails()'><b>listAndViewGroupDetails</b><br>Test class: com.nurseryadministrator.testscript.GroupList</td>
<td></td>
<td>4</td>
<td>com.nurseryadministrator.testscript.GroupList@4efc180e</td></tr>
<tr>
<td title='com.nurseryadministrator.testscript.LogIn.noCredentials()'><b>noCredentials</b><br>Test class: com.nurseryadministrator.testscript.LogIn</td>
<td></td>
<td>2</td>
<td>com.nurseryadministrator.testscript.LogIn@b62d79</td></tr>
<tr>
<td title='com.nurseryadministrator.testscript.RequestPayment.refundPayment()'><b>refundPayment</b><br>Test class: com.nurseryadministrator.testscript.RequestPayment</td>
<td></td>
<td>0</td>
<td>com.nurseryadministrator.testscript.RequestPayment@4dbb42b7</td></tr>
<tr>
<td title='com.nurseryadministrator.testscript.LogIn.validCredentials()'><b>validCredentials</b><br>Test class: com.nurseryadministrator.testscript.LogIn</td>
<td></td>
<td>9</td>
<td>com.nurseryadministrator.testscript.LogIn@b62d79</td></tr>
<tr>
<td title='com.nurseryadministrator.testscript.Dashboard.verifyDashboard()'><b>verifyDashboard</b><br>Test class: com.nurseryadministrator.testscript.Dashboard</td>
<td></td>
<td>0</td>
<td>com.nurseryadministrator.testscript.Dashboard@2053d869</td></tr>
<tr>
<td title='com.nurseryadministrator.testscript.AddEmployee.verifyMandatoryMsgVisibile()'><b>verifyMandatoryMsgVisibile</b><br>Test class: com.nurseryadministrator.testscript.AddEmployee</td>
<td></td>
<td>1</td>
<td>com.nurseryadministrator.testscript.AddEmployee@58695725</td></tr>
<tr>
<td title='com.nurseryadministrator.testscript.RequestPayment.verifyMandatoryMsgVisibile()'><b>verifyMandatoryMsgVisibile</b><br>Test class: com.nurseryadministrator.testscript.RequestPayment</td>
<td></td>
<td>2</td>
<td>com.nurseryadministrator.testscript.RequestPayment@4dbb42b7</td></tr>
<tr>
<td title='com.nurseryadministrator.testscript.AddGroup.verifyMandatoryMsgVisible()'><b>verifyMandatoryMsgVisible</b><br>Test class: com.nurseryadministrator.testscript.AddGroup</td>
<td></td>
<td>1</td>
<td>com.nurseryadministrator.testscript.AddGroup@32b260fa</td></tr>
<tr>
<td title='com.nurseryadministrator.testscript.AddStudent.verifyMandatoryMsgVisible()'><b>verifyMandatoryMsgVisible</b><br>Test class: com.nurseryadministrator.testscript.AddStudent</td>
<td></td>
<td>1</td>
<td>com.nurseryadministrator.testscript.AddStudent@28f2a10f</td></tr>
<tr>
<td title='com.nurseryadministrator.testscript.TeacherList.verifySorForName()'><b>verifySorForName</b><br>Test class: com.nurseryadministrator.testscript.TeacherList</td>
<td></td>
<td>7</td>
<td>com.nurseryadministrator.testscript.TeacherList@e15b7e8</td></tr>
<tr>
<td title='com.nurseryadministrator.testscript.NurseList.verifySorForName()'><b>verifySorForName</b><br>Test class: com.nurseryadministrator.testscript.NurseList</td>
<td></td>
<td>8</td>
<td>com.nurseryadministrator.testscript.NurseList@7c711375</td></tr>
<tr>
<td title='com.nurseryadministrator.testscript.AssistantList.verifySorForName()'><b>verifySorForName</b><br>Test class: com.nurseryadministrator.testscript.AssistantList</td>
<td></td>
<td>7</td>
<td>com.nurseryadministrator.testscript.AssistantList@17497425</td></tr>
<tr>
<td title='com.nurseryadministrator.testscript.TeacherList.verifySorForPhone()'><b>verifySorForPhone</b><br>Test class: com.nurseryadministrator.testscript.TeacherList</td>
<td></td>
<td>7</td>
<td>com.nurseryadministrator.testscript.TeacherList@e15b7e8</td></tr>
<tr>
<td title='com.nurseryadministrator.testscript.NurseList.verifySorForPhone()'><b>verifySorForPhone</b><br>Test class: com.nurseryadministrator.testscript.NurseList</td>
<td></td>
<td>7</td>
<td>com.nurseryadministrator.testscript.NurseList@7c711375</td></tr>
<tr>
<td title='com.nurseryadministrator.testscript.AssistantList.verifySorForPhone()'><b>verifySorForPhone</b><br>Test class: com.nurseryadministrator.testscript.AssistantList</td>
<td></td>
<td>7</td>
<td>com.nurseryadministrator.testscript.AssistantList@17497425</td></tr>
<tr>
<td title='com.nurseryadministrator.testscript.TeacherList.verifySorForStatus()'><b>verifySorForStatus</b><br>Test class: com.nurseryadministrator.testscript.TeacherList</td>
<td></td>
<td>7</td>
<td>com.nurseryadministrator.testscript.TeacherList@e15b7e8</td></tr>
<tr>
<td title='com.nurseryadministrator.testscript.NurseList.verifySorForStatus()'><b>verifySorForStatus</b><br>Test class: com.nurseryadministrator.testscript.NurseList</td>
<td></td>
<td>7</td>
<td>com.nurseryadministrator.testscript.NurseList@7c711375</td></tr>
<tr>
<td title='com.nurseryadministrator.testscript.AssistantList.verifySorForStatus()'><b>verifySorForStatus</b><br>Test class: com.nurseryadministrator.testscript.AssistantList</td>
<td></td>
<td>7</td>
<td>com.nurseryadministrator.testscript.AssistantList@17497425</td></tr>
<tr>
<td title='com.nurseryadministrator.testscript.PaymentRequestList.verifySortDueDate()'><b>verifySortDueDate</b><br>Test class: com.nurseryadministrator.testscript.PaymentRequestList</td>
<td></td>
<td>7</td>
<td>com.nurseryadministrator.testscript.PaymentRequestList@6bd61f98</td></tr>
<tr>
<td title='com.nurseryadministrator.testscript.StudentList.verifySortFirstName()'><b>verifySortFirstName</b><br>Test class: com.nurseryadministrator.testscript.StudentList</td>
<td></td>
<td>8</td>
<td>com.nurseryadministrator.testscript.StudentList@611889f4</td></tr>
<tr>
<td title='com.nurseryadministrator.testscript.GroupList.verifySortForGroupType()'><b>verifySortForGroupType</b><br>Test class: com.nurseryadministrator.testscript.GroupList</td>
<td></td>
<td>7</td>
<td>com.nurseryadministrator.testscript.GroupList@4efc180e</td></tr>
<tr>
<td title='com.nurseryadministrator.testscript.GroupList.verifySortForStatus()'><b>verifySortForStatus</b><br>Test class: com.nurseryadministrator.testscript.GroupList</td>
<td></td>
<td>7</td>
<td>com.nurseryadministrator.testscript.GroupList@4efc180e</td></tr>
<tr>
<td title='com.nurseryadministrator.testscript.StudentList.verifySortForStatus()'><b>verifySortForStatus</b><br>Test class: com.nurseryadministrator.testscript.StudentList</td>
<td></td>
<td>7</td>
<td>com.nurseryadministrator.testscript.StudentList@611889f4</td></tr>
<tr>
<td title='com.nurseryadministrator.testscript.GroupList.verifySortForTeacher()'><b>verifySortForTeacher</b><br>Test class: com.nurseryadministrator.testscript.GroupList</td>
<td></td>
<td>7</td>
<td>com.nurseryadministrator.testscript.GroupList@4efc180e</td></tr>
<tr>
<td title='com.nurseryadministrator.testscript.StudentList.verifySortGroupName()'><b>verifySortGroupName</b><br>Test class: com.nurseryadministrator.testscript.StudentList</td>
<td></td>
<td>7</td>
<td>com.nurseryadministrator.testscript.StudentList@611889f4</td></tr>
<tr>
<td title='com.nurseryadministrator.testscript.StudentList.verifySortGroupType()'><b>verifySortGroupType</b><br>Test class: com.nurseryadministrator.testscript.StudentList</td>
<td></td>
<td>7</td>
<td>com.nurseryadministrator.testscript.StudentList@611889f4</td></tr>
<tr>
<td title='com.nurseryadministrator.testscript.GroupList.verifySortGrpName()'><b>verifySortGrpName</b><br>Test class: com.nurseryadministrator.testscript.GroupList</td>
<td></td>
<td>8</td>
<td>com.nurseryadministrator.testscript.GroupList@4efc180e</td></tr>
<tr>
<td title='com.nurseryadministrator.testscript.StudentList.verifySortLasttName()'><b>verifySortLasttName</b><br>Test class: com.nurseryadministrator.testscript.StudentList</td>
<td></td>
<td>7</td>
<td>com.nurseryadministrator.testscript.StudentList@611889f4</td></tr>
<tr>
<td title='com.nurseryadministrator.testscript.StudentList.verifySortParent1Name()'><b>verifySortParent1Name</b><br>Test class: com.nurseryadministrator.testscript.StudentList</td>
<td></td>
<td>7</td>
<td>com.nurseryadministrator.testscript.StudentList@611889f4</td></tr>
<tr>
<td title='com.nurseryadministrator.testscript.StudentList.verifySortParent2Name()'><b>verifySortParent2Name</b><br>Test class: com.nurseryadministrator.testscript.StudentList</td>
<td></td>
<td>7</td>
<td>com.nurseryadministrator.testscript.StudentList@611889f4</td></tr>
<tr>
<td title='com.nurseryadministrator.testscript.PaymentRequestList.verifySortStatus()'><b>verifySortStatus</b><br>Test class: com.nurseryadministrator.testscript.PaymentRequestList</td>
<td></td>
<td>119</td>
<td>com.nurseryadministrator.testscript.PaymentRequestList@6bd61f98</td></tr>
<tr>
<td title='com.nurseryadministrator.testscript.PaymentRequestList.verifySortStudentName()'><b>verifySortStudentName</b><br>Test class: com.nurseryadministrator.testscript.PaymentRequestList</td>
<td></td>
<td>7</td>
<td>com.nurseryadministrator.testscript.PaymentRequestList@6bd61f98</td></tr>
<tr>
<td title='com.nurseryadministrator.testscript.PaymentRequestList.verifySortTitle()'><b>verifySortTitle</b><br>Test class: com.nurseryadministrator.testscript.PaymentRequestList</td>
<td></td>
<td>7</td>
<td>com.nurseryadministrator.testscript.PaymentRequestList@6bd61f98</td></tr>
<tr>
<td title='com.nurseryadministrator.testscript.AssistantList.viewAssistantDetails()'><b>viewAssistantDetails</b><br>Test class: com.nurseryadministrator.testscript.AssistantList</td>
<td></td>
<td>5</td>
<td>com.nurseryadministrator.testscript.AssistantList@17497425</td></tr>
<tr>
<td title='com.nurseryadministrator.testscript.NurseList.viewNurseDetails()'><b>viewNurseDetails</b><br>Test class: com.nurseryadministrator.testscript.NurseList</td>
<td></td>
<td>5</td>
<td>com.nurseryadministrator.testscript.NurseList@7c711375</td></tr>
<tr>
<td title='com.nurseryadministrator.testscript.RequestPayment.viewPaymentDetails()'><b>viewPaymentDetails</b><br>Test class: com.nurseryadministrator.testscript.RequestPayment</td>
<td></td>
<td>0</td>
<td>com.nurseryadministrator.testscript.RequestPayment@4dbb42b7</td></tr>
<tr>
<td title='com.nurseryadministrator.testscript.AddStudent.viewStudentDetails()'><b>viewStudentDetails</b><br>Test class: com.nurseryadministrator.testscript.AddStudent</td>
<td></td>
<td>3</td>
<td>com.nurseryadministrator.testscript.AddStudent@28f2a10f</td></tr>
<tr>
<td title='com.nurseryadministrator.testscript.TeacherList.viewTeacherDetails()'><b>viewTeacherDetails</b><br>Test class: com.nurseryadministrator.testscript.TeacherList</td>
<td></td>
<td>4</td>
<td>com.nurseryadministrator.testscript.TeacherList@e15b7e8</td></tr>
</table><p>
</body>
</html>